============================= test session starts =============================
platform win32 -- Python 3.12.10, pytest-9.0.3, pluggy-1.6.0
rootdir: C:\Users\HarolGiovannyManchol\source\repos\novum\backend
configfile: pyproject.toml
plugins: anyio-4.13.0, asyncio-1.4.0, cov-7.1.0, httpx-0.36.2, postgresql-8.1.0
asyncio: mode=Mode.AUTO, debug=False, asyncio_default_fixture_loop_scope=function, asyncio_default_test_loop_scope=function
collected 36 items

tests\test_health_probes.py .................                            [ 47%]
tests\test_health_registry.py ................                           [ 91%]
tests\test_health_route.py ...                                           [100%]

============================== warnings summary ===============================
tests/test_health_probes.py::test_raise_mapped_auth_401
  tests\test_health_probes.py:54: PytestWarning: The test <Function test_raise_mapped_auth_401> is marked with '@pytest.mark.asyncio' but it is not an async function. Please remove the asyncio mark. If the test is not marked explicitly, check for global marks applied via 'pytestmark'.
    def test_raise_mapped_auth_401() -> None:

tests/test_health_probes.py::test_raise_mapped_auth_403
  tests\test_health_probes.py:59: PytestWarning: The test <Function test_raise_mapped_auth_403> is marked with '@pytest.mark.asyncio' but it is not an async function. Please remove the asyncio mark. If the test is not marked explicitly, check for global marks applied via 'pytestmark'.
    def test_raise_mapped_auth_403() -> None:

tests/test_health_probes.py::test_raise_mapped_rate_limit_429
  tests\test_health_probes.py:64: PytestWarning: The test <Function test_raise_mapped_rate_limit_429> is marked with '@pytest.mark.asyncio' but it is not an async function. Please remove the asyncio mark. If the test is not marked explicitly, check for global marks applied via 'pytestmark'.
    def test_raise_mapped_rate_limit_429() -> None:

tests/test_health_probes.py::test_raise_mapped_upstream_5xx
  tests\test_health_probes.py:69: PytestWarning: The test <Function test_raise_mapped_upstream_5xx> is marked with '@pytest.mark.asyncio' but it is not an async function. Please remove the asyncio mark. If the test is not marked explicitly, check for global marks applied via 'pytestmark'.
    def test_raise_mapped_upstream_5xx() -> None:

tests/test_health_probes.py::test_raise_mapped_unreachable_by_name
  tests\test_health_probes.py:75: PytestWarning: The test <Function test_raise_mapped_unreachable_by_name> is marked with '@pytest.mark.asyncio' but it is not an async function. Please remove the asyncio mark. If the test is not marked explicitly, check for global marks applied via 'pytestmark'.
    def test_raise_mapped_unreachable_by_name() -> None:

tests/test_health_probes.py::test_raise_mapped_unknown_falls_back_to_upstream
  tests\test_health_probes.py:80: PytestWarning: The test <Function test_raise_mapped_unknown_falls_back_to_upstream> is marked with '@pytest.mark.asyncio' but it is not an async function. Please remove the asyncio mark. If the test is not marked explicitly, check for global marks applied via 'pytestmark'.
    def test_raise_mapped_unknown_falls_back_to_upstream() -> None:

tests/test_health_probes.py::test_probes_registry_contains_v1_services
  tests\test_health_probes.py:268: PytestWarning: The test <Function test_probes_registry_contains_v1_services> is marked with '@pytest.mark.asyncio' but it is not an async function. Please remove the asyncio mark. If the test is not marked explicitly, check for global marks applied via 'pytestmark'.
    def test_probes_registry_contains_v1_services() -> None:

-- Docs: https://docs.pytest.org/en/stable/how-to/capture-warnings.html
======================= 36 passed, 7 warnings in 3.02s ========================
