<?xml version="1.0" encoding="utf-8"?><testsuites name="pytest tests"><testsuite name="pytest" errors="0" failures="18" skipped="0" tests="1102" time="378.638" timestamp="2026-05-29T16:36:22.906205-05:00" hostname="ACOLPDL-47D-366"><testcase classname="tests.test_agent_lane_router" name="test_fast_for_trivial_definitional_static" time="0.003" /><testcase classname="tests.test_agent_lane_router" name="test_fast_for_trivial_factual_static" time="0.001" /><testcase classname="tests.test_agent_lane_router" name="test_fast_for_trivial_factual_none_temporal" time="0.001" /><testcase classname="tests.test_agent_lane_router" name="test_deep_for_deep_complexity" time="0.002" /><testcase classname="tests.test_agent_lane_router" name="test_deep_for_causal_standard" time="0.002" /><testcase classname="tests.test_agent_lane_router" name="test_deep_for_state_of_art_standard" time="0.001" /><testcase classname="tests.test_agent_lane_router" name="test_standard_for_causal_trivial" time="0.002" /><testcase classname="tests.test_agent_lane_router" name="test_standard_default_comparative" time="0.002" /><testcase classname="tests.test_agent_lane_router" name="test_predictive_future_never_trivial" time="0.001" /><testcase classname="tests.test_agent_lane_router" name="test_predictive_future_standard_stays_standard" time="0.002" /><testcase classname="tests.test_agent_lane_router" name="test_predictive_future_deep_stays_deep" time="0.002" /><testcase classname="tests.test_agent_lane_router" name="test_realtime_excludes_fast" time="0.003" /><testcase classname="tests.test_agent_lane_router" name="test_ambiguity_blocks_fast" time="0.001" /><testcase classname="tests.test_agent_lane_router" name="test_volatile_temporal_blocks_fast" time="0.001" /><testcase classname="tests.test_agent_lane_router" name="test_slow_changing_temporal_blocks_fast" time="0.001" /><testcase classname="tests.test_agent_lane_router" name="test_subjective_opinion_standard" time="0.001" /><testcase classname="tests.test_agent_lane_router" name="test_personal_private_standard" time="0.002" /><testcase classname="tests.test_agent_lane_router" name="test_reason_format_is_concise" time="0.002" /><testcase classname="tests.test_agent_lane_router" name="test_apply_lane_budgets_fast" time="0.002" /><testcase classname="tests.test_agent_lane_router" name="test_apply_lane_budgets_standard" time="0.001" /><testcase classname="tests.test_agent_lane_router" name="test_apply_lane_budgets_deep" time="0.001" /><testcase classname="tests.test_agent_lane_router" name="test_apply_lane_budgets_fast_smaller_than_deep" time="0.003" /><testcase classname="tests.test_agent_lanes_deep" name="test_deep_lane_happy_path_judge_confirmed" time="0.033" /><testcase classname="tests.test_agent_lanes_deep" name="test_deep_lane_falls_back_to_best_effort_on_cap" time="0.009" /><testcase classname="tests.test_agent_lanes_deep" name="test_cove_redraft_when_contradiction_within_budget" time="0.008" /><testcase classname="tests.test_agent_lanes_deep" name="test_cove_accepts_draft_when_budget_exhausted" time="0.006" /><testcase classname="tests.test_agent_lanes_deep" name="test_cove_no_contradiction_skips_redraft" time="0.023" /><testcase classname="tests.test_agent_lanes_deep" name="test_cove_uses_synthesizer_for_questions_judge_for_verification" time="0.005" /><testcase classname="tests.test_agent_lanes_fast" name="test_fast_lane_stops_when_mini_judge_ok" time="0.003" /><testcase classname="tests.test_agent_lanes_fast" name="test_fast_lane_escalates_when_mini_judge_rejects" time="0.004" /><testcase classname="tests.test_agent_lanes_fast" name="test_fast_lane_escalates_when_s_below_threshold" time="33.267" /><testcase classname="tests.test_agent_lanes_fast" name="test_fast_lane_calls_only_synth_and_mini_judge" time="0.006" /><testcase classname="tests.test_agent_lanes_fast" name="test_fast_lane_does_not_escalate_for_trivial_factual_static" time="0.006" /><testcase classname="tests.test_agent_orchestrator" name="test_run_happy_path" time="0.011"><failure message="AssertionError: assert &lt;StopReason.E...ED: 'errored'&gt; == &lt;StopReason.J...ge_confirmed'&gt;&#10;  &#10;  #x1B[0m#x1B[91m- judge_confirmed#x1B[39;49;00m#x1B[90m#x1B[39;49;00m&#10;  #x1B[92m+ errored#x1B[39;49;00m#x1B[90m#x1B[39;49;00m">E   AssertionError: assert &lt;StopReason.E...ED: 'errored'&gt; == &lt;StopReason.J...ge_confirmed'&gt;
      
      #x1B[0m#x1B[91m- judge_confirmed#x1B[39;49;00m#x1B[90m#x1B[39;49;00m
      #x1B[92m+ errored#x1B[39;49;00m#x1B[90m#x1B[39;49;00m</failure></testcase><testcase classname="tests.test_agent_orchestrator" name="test_rf06_unanswerable_stops_before_planning" time="0.008"><failure message="AssertionError: assert &lt;StopReason.E...ED: 'errored'&gt; == &lt;StopReason.J...ge_confirmed'&gt;&#10;  &#10;  #x1B[0m#x1B[91m- judge_confirmed#x1B[39;49;00m#x1B[90m#x1B[39;49;00m&#10;  #x1B[92m+ errored#x1B[39;49;00m#x1B[90m#x1B[39;49;00m">E   AssertionError: assert &lt;StopReason.E...ED: 'errored'&gt; == &lt;StopReason.J...ge_confirmed'&gt;
      
      #x1B[0m#x1B[91m- judge_confirmed#x1B[39;49;00m#x1B[90m#x1B[39;49;00m
      #x1B[92m+ errored#x1B[39;49;00m#x1B[90m#x1B[39;49;00m</failure></testcase><testcase classname="tests.test_agent_orchestrator" name="test_rf14_max_revisions_then_proceed" time="0.007"><failure message="AssertionError: assert &lt;StopReason.E...ED: 'errored'&gt; == &lt;StopReason.J...ge_confirmed'&gt;&#10;  &#10;  #x1B[0m#x1B[91m- judge_confirmed#x1B[39;49;00m#x1B[90m#x1B[39;49;00m&#10;  #x1B[92m+ errored#x1B[39;49;00m#x1B[90m#x1B[39;49;00m">E   AssertionError: assert &lt;StopReason.E...ED: 'errored'&gt; == &lt;StopReason.J...ge_confirmed'&gt;
      
      #x1B[0m#x1B[91m- judge_confirmed#x1B[39;49;00m#x1B[90m#x1B[39;49;00m
      #x1B[92m+ errored#x1B[39;49;00m#x1B[90m#x1B[39;49;00m</failure></testcase><testcase classname="tests.test_agent_orchestrator" name="test_budget_exhausted_no_coverage" time="0.012" /><testcase classname="tests.test_agent_orchestrator" name="test_cancel_mid_loop" time="0.014"><failure message="AssertionError: assert &lt;StopReason.E...ED: 'errored'&gt; == &lt;StopReason.U...er_cancelled'&gt;&#10;  &#10;  #x1B[0m#x1B[91m- user_cancelled#x1B[39;49;00m#x1B[90m#x1B[39;49;00m&#10;  #x1B[92m+ errored#x1B[39;49;00m#x1B[90m#x1B[39;49;00m">E   AssertionError: assert &lt;StopReason.E...ED: 'errored'&gt; == &lt;StopReason.U...er_cancelled'&gt;
      
      #x1B[0m#x1B[91m- user_cancelled#x1B[39;49;00m#x1B[90m#x1B[39;49;00m
      #x1B[92m+ errored#x1B[39;49;00m#x1B[90m#x1B[39;49;00m</failure></testcase><testcase classname="tests.test_agent_orchestrator" name="test_judge_max_attempts_stops_by_budget_not_silent_confirm" time="0.010"><failure message="AssertionError: assert &lt;StopReason.E...ED: 'errored'&gt; == &lt;StopReason.S...ed_by_budget'&gt;&#10;  &#10;  #x1B[0m#x1B[91m- stopped_by_budget#x1B[39;49;00m#x1B[90m#x1B[39;49;00m&#10;  #x1B[92m+ errored#x1B[39;49;00m#x1B[90m#x1B[39;49;00m">E   AssertionError: assert &lt;StopReason.E...ED: 'errored'&gt; == &lt;StopReason.S...ed_by_budget'&gt;
      
      #x1B[0m#x1B[91m- stopped_by_budget#x1B[39;49;00m#x1B[90m#x1B[39;49;00m
      #x1B[92m+ errored#x1B[39;49;00m#x1B[90m#x1B[39;49;00m</failure></testcase><testcase classname="tests.test_agent_orchestrator" name="test_rf15_disconfirmation_emits_confidence_mismatch" time="0.007"><failure message="AssertionError: assert &lt;StopReason.E...ED: 'errored'&gt; == &lt;StopReason.J...ge_confirmed'&gt;&#10;  &#10;  #x1B[0m#x1B[91m- judge_confirmed#x1B[39;49;00m#x1B[90m#x1B[39;49;00m&#10;  #x1B[92m+ errored#x1B[39;49;00m#x1B[90m#x1B[39;49;00m">E   AssertionError: assert &lt;StopReason.E...ED: 'errored'&gt; == &lt;StopReason.J...ge_confirmed'&gt;
      
      #x1B[0m#x1B[91m- judge_confirmed#x1B[39;49;00m#x1B[90m#x1B[39;49;00m
      #x1B[92m+ errored#x1B[39;49;00m#x1B[90m#x1B[39;49;00m</failure></testcase><testcase classname="tests.test_agent_orchestrator" name="test_error_path_emits_agent_errored" time="0.008"><failure message="AssertionError: assert 'ModuleNotFoundError' == 'RuntimeError'&#10;  &#10;  #x1B[0m#x1B[91m- RuntimeError#x1B[39;49;00m#x1B[90m#x1B[39;49;00m&#10;  #x1B[92m+ ModuleNotFoundError#x1B[39;49;00m#x1B[90m#x1B[39;49;00m">E   AssertionError: assert 'ModuleNotFoundError' == 'RuntimeError'
      
      #x1B[0m#x1B[91m- RuntimeError#x1B[39;49;00m#x1B[90m#x1B[39;49;00m
      #x1B[92m+ ModuleNotFoundError#x1B[39;49;00m#x1B[90m#x1B[39;49;00m</failure></testcase><testcase classname="tests.test_agent_orchestrator" name="test_error_path_tags_llm_pool_rate_limited" time="0.007"><failure message="AssertionError: assert None == 'llm_pool_rate_limited'&#10; +  where None = AgentErroredEvent(id=None, run_id=None, step_index=None, parent_event_id=None, created_at=None, type=&lt;EventType.AGENT_...uleNotFoundError: No module named \'app.llm.context\'\n', recoverable=False, recovery_suggestion=None, error_code=None).error_code">E   AssertionError: assert None == 'llm_pool_rate_limited'
     +  where None = AgentErroredEvent(id=None, run_id=None, step_index=None, parent_event_id=None, created_at=None, type=&lt;EventType.AGENT_...uleNotFoundError: No module named \'app.llm.context\'\n', recoverable=False, recovery_suggestion=None, error_code=None).error_code</failure></testcase><testcase classname="tests.test_agent_orchestrator" name="test_error_path_tags_llm_provider_quota_exhausted" time="0.008"><failure message="AssertionError: assert None == 'llm_provider_quota_exhausted'&#10; +  where None = AgentErroredEvent(id=None, run_id=None, step_index=None, parent_event_id=None, created_at=None, type=&lt;EventType.AGENT_...uleNotFoundError: No module named \'app.llm.context\'\n', recoverable=False, recovery_suggestion=None, error_code=None).error_code">E   AssertionError: assert None == 'llm_provider_quota_exhausted'
     +  where None = AgentErroredEvent(id=None, run_id=None, step_index=None, parent_event_id=None, created_at=None, type=&lt;EventType.AGENT_...uleNotFoundError: No module named \'app.llm.context\'\n', recoverable=False, recovery_suggestion=None, error_code=None).error_code</failure></testcase><testcase classname="tests.test_agent_orchestrator" name="test_illegal_transition_raises" time="0.004" /><testcase classname="tests.test_agent_orchestrator" name="test_evidence_ids_in_claim_covered_match_in_memory" time="0.010"><failure message="assert 0 == 1&#10; +  where 0 = len([])">E   assert 0 == 1
     +  where 0 = len([])</failure></testcase><testcase classname="tests.test_agent_orchestrator" name="test_question_asked_event_emitted_first" time="0.008" /><testcase classname="tests.test_agent_orchestrator" name="test_plan_created_event_emitted" time="0.007"><failure message="assert 0 == 1&#10; +  where 0 = len([])">E   assert 0 == 1
     +  where 0 = len([])</failure></testcase><testcase classname="tests.test_agent_orchestrator" name="test_tool_called_includes_target_claim" time="0.007"><failure message="assert 0 &gt;= 1&#10; +  where 0 = len([])">E   assert 0 &gt;= 1
     +  where 0 = len([])</failure></testcase><testcase classname="tests.test_agent_orchestrator" name="test_orchestrator_uses_injected_stopping_policy" time="0.006"><failure message="AssertionError: assert &lt;StopReason.E...ED: 'errored'&gt; == &lt;StopReason.S...ed_by_budget'&gt;&#10;  &#10;  #x1B[0m#x1B[91m- stopped_by_budget#x1B[39;49;00m#x1B[90m#x1B[39;49;00m&#10;  #x1B[92m+ errored#x1B[39;49;00m#x1B[90m#x1B[39;49;00m">E   AssertionError: assert &lt;StopReason.E...ED: 'errored'&gt; == &lt;StopReason.S...ed_by_budget'&gt;
      
      #x1B[0m#x1B[91m- stopped_by_budget#x1B[39;49;00m#x1B[90m#x1B[39;49;00m
      #x1B[92m+ errored#x1B[39;49;00m#x1B[90m#x1B[39;49;00m</failure></testcase><testcase classname="tests.test_agent_orchestrator" name="test_hypotheses_generated_for_causal_question" time="0.007"><failure message="AssertionError: assert &lt;StopReason.E...ED: 'errored'&gt; == &lt;StopReason.J...ge_confirmed'&gt;&#10;  &#10;  #x1B[0m#x1B[91m- judge_confirmed#x1B[39;49;00m#x1B[90m#x1B[39;49;00m&#10;  #x1B[92m+ errored#x1B[39;49;00m#x1B[90m#x1B[39;49;00m">E   AssertionError: assert &lt;StopReason.E...ED: 'errored'&gt; == &lt;StopReason.J...ge_confirmed'&gt;
      
      #x1B[0m#x1B[91m- judge_confirmed#x1B[39;49;00m#x1B[90m#x1B[39;49;00m
      #x1B[92m+ errored#x1B[39;49;00m#x1B[90m#x1B[39;49;00m</failure></testcase><testcase classname="tests.test_agent_orchestrator" name="test_hypotheses_skipped_for_direct_factual" time="0.008"><failure message="AssertionError: assert &lt;StopReason.E...ED: 'errored'&gt; == &lt;StopReason.J...ge_confirmed'&gt;&#10;  &#10;  #x1B[0m#x1B[91m- judge_confirmed#x1B[39;49;00m#x1B[90m#x1B[39;49;00m&#10;  #x1B[92m+ errored#x1B[39;49;00m#x1B[90m#x1B[39;49;00m">E   AssertionError: assert &lt;StopReason.E...ED: 'errored'&gt; == &lt;StopReason.J...ge_confirmed'&gt;
      
      #x1B[0m#x1B[91m- judge_confirmed#x1B[39;49;00m#x1B[90m#x1B[39;49;00m
      #x1B[92m+ errored#x1B[39;49;00m#x1B[90m#x1B[39;49;00m</failure></testcase><testcase classname="tests.test_agent_orchestrator_cancel_with_complexity" name="test_cancel_during_trivial_path_before_searching" time="2.617"><failure message="AssertionError: assert &lt;StopReason.E...ED: 'errored'&gt; == &lt;StopReason.U...er_cancelled'&gt;&#10;  &#10;  #x1B[0m#x1B[91m- user_cancelled#x1B[39;49;00m#x1B[90m#x1B[39;49;00m&#10;  #x1B[92m+ errored#x1B[39;49;00m#x1B[90m#x1B[39;49;00m">E   AssertionError: assert &lt;StopReason.E...ED: 'errored'&gt; == &lt;StopReason.U...er_cancelled'&gt;
      
      #x1B[0m#x1B[91m- user_cancelled#x1B[39;49;00m#x1B[90m#x1B[39;49;00m
      #x1B[92m+ errored#x1B[39;49;00m#x1B[90m#x1B[39;49;00m</failure></testcase><testcase classname="tests.test_agent_orchestrator_cancel_with_complexity" name="test_cancel_during_deep_path_mid_critique" time="0.006"><failure message="AssertionError: assert &lt;StopReason.E...ED: 'errored'&gt; == &lt;StopReason.U...er_cancelled'&gt;&#10;  &#10;  #x1B[0m#x1B[91m- user_cancelled#x1B[39;49;00m#x1B[90m#x1B[39;49;00m&#10;  #x1B[92m+ errored#x1B[39;49;00m#x1B[90m#x1B[39;49;00m">E   AssertionError: assert &lt;StopReason.E...ED: 'errored'&gt; == &lt;StopReason.U...er_cancelled'&gt;
      
      #x1B[0m#x1B[91m- user_cancelled#x1B[39;49;00m#x1B[90m#x1B[39;49;00m
      #x1B[92m+ errored#x1B[39;49;00m#x1B[90m#x1B[39;49;00m</failure></testcase><testcase classname="tests.test_agent_orchestrator_cancel_with_complexity" name="test_cancel_during_instant_cache_replay_window" time="0.005" /><testcase classname="tests.test_agent_orchestrator_fast_lane" name="test_fast_lane_runs_only_2_llm_calls_on_happy_path" time="0.005" /><testcase classname="tests.test_agent_orchestrator_fast_lane" name="test_lane_escalated_event_emitted_then_standard_runs" time="0.021" /><testcase classname="tests.test_agent_orchestrator_redecomposition" name="test_redecomposition_triggers_once_when_s_low" time="31.272" /><testcase classname="tests.test_agent_orchestrator_redecomposition" name="test_redecomposition_skipped_when_s_high" time="31.817" /><testcase classname="tests.test_agent_orchestrator_redecomposition" name="test_redecomposition_skipped_when_budget_exhausted" time="31.361" /><testcase classname="tests.test_agent_orchestrator_redecomposition" name="test_redecomposition_skipped_when_max_reached" time="31.350" /><testcase classname="tests.test_agent_orchestrator_redecomposition" name="test_no_progress_forces_synthesis_and_emits_event" time="0.007" /><testcase classname="tests.test_agent_orchestrator_route" name="test_route_selected_emitted_after_classify" time="0.009"><failure message="AssertionError: assert &lt;StopReason.ERRORED: 'errored'&gt; in {&lt;StopReason.JUDGE_CONFIRMED: 'judge_confirmed'&gt;, &lt;StopReason.STOPPED_BY_BUDGET: 'stopped_by_budget'&gt;}">E   AssertionError: assert &lt;StopReason.ERRORED: 'errored'&gt; in {&lt;StopReason.JUDGE_CONFIRMED: 'judge_confirmed'&gt;, &lt;StopReason.STOPPED_BY_BUDGET: 'stopped_by_budget'&gt;}</failure></testcase><testcase classname="tests.test_agent_orchestrator_route" name="test_route_selected_emitted_for_trivial_factual" time="0.761" /><testcase classname="tests.test_agent_orchestrator_route" name="test_route_selected_emitted_for_deep_causal" time="0.008" /><testcase classname="tests.test_agent_output_payload_persistence" name="test_weighted_payload_emits_key_value_block" time="0.003" /><testcase classname="tests.test_agent_output_payload_persistence" name="test_scenario_payload_emits_keypoints_per_branch" time="0.004" /><testcase classname="tests.test_agent_output_payload_persistence" name="test_tradeoff_payload_emits_criteria_table" time="0.003" /><testcase classname="tests.test_agent_output_payload_persistence" name="test_best_effort_payload_emits_interpretation_paragraph_first" time="0.003" /><testcase classname="tests.test_agent_output_payload_persistence" name="test_no_payload_keeps_legacy_pipeline" time="0.002" /><testcase classname="tests.test_agent_react_loop" name="test_loop_terminates_on_hypothesis_confirmed" time="0.008" /><testcase classname="tests.test_agent_react_loop" name="test_loop_terminates_on_all_refuted" time="0.008" /><testcase classname="tests.test_agent_react_loop" name="test_loop_caps_at_max_steps" time="0.008" /><testcase classname="tests.test_agent_react_loop" name="test_invalid_action_does_not_count_step" time="0.010" /><testcase classname="tests.test_agent_react_loop" name="test_history_summarized_when_tokens_exceed_15k" time="0.009" /><testcase classname="tests.test_agent_react_loop" name="test_all_events_emitted_per_step" time="0.007" /><testcase classname="tests.test_agent_run_state" name="test_transition_legal" time="0.004" /><testcase classname="tests.test_agent_run_state" name="test_transition_illegal_raises" time="0.002" /><testcase classname="tests.test_agent_run_state" name="test_transition_init_to_stopped_is_legal" time="0.003" /><testcase classname="tests.test_agent_run_state" name="test_mark_claim_covered_flips_status_and_dedupes" time="0.002" /><testcase classname="tests.test_agent_run_state" name="test_mark_claim_uncoverable_flips_status" time="0.003" /><testcase classname="tests.test_agent_run_state" name="test_pending_claims_filters_covered" time="0.002" /><testcase classname="tests.test_agent_run_state" name="test_all_claims_resolved_false_when_pending" time="0.003" /><testcase classname="tests.test_agent_run_state" name="test_all_claims_resolved_true_when_all_resolved" time="0.002" /><testcase classname="tests.test_agent_run_state" name="test_coverage_ratio_zero_when_no_claims" time="0.003" /><testcase classname="tests.test_agent_run_state" name="test_coverage_ratio_partial" time="0.003" /><testcase classname="tests.test_agent_run_state" name="test_coverage_ratio_full" time="0.002" /><testcase classname="tests.test_agent_run_state" name="test_add_evidence_appends" time="0.002" /><testcase classname="tests.test_agent_run_state" name="test_json_round_trip" time="0.003" /><testcase classname="tests.test_agent_run_state" name="test_run_state_has_ambiguity_default_false" time="0.003" /><testcase classname="tests.test_agent_runner" name="test_stopped_followed_by_resume_marks_skip" time="0.002" /><testcase classname="tests.test_agent_runner" name="test_fold_skips_resumed_stopped_and_lands_in_searching" time="0.003" /><testcase classname="tests.test_agent_runner" name="test_fold_terminal_stopped_without_resume_stays_stopped" time="0.003" /><testcase classname="tests.test_agent_runner" name="test_fold_restores_question_type_from_classified_event" time="0.003" /><testcase classname="tests.test_agent_runner" name="test_start_spawns_orchestrator_and_persists_events" time="0.777" /><testcase classname="tests.test_agent_runner" name="test_start_twice_raises_run_already_running" time="0.053" /><testcase classname="tests.test_agent_runner" name="test_cancel_flips_orchestrator_flag_and_returns_true" time="0.077" /><testcase classname="tests.test_agent_runner" name="test_cancel_unknown_run_returns_false" time="0.041" /><testcase classname="tests.test_agent_runner" name="test_cancel_preserves_stopped_at" time="0.077" /><testcase classname="tests.test_agent_runner" name="test_await_terminal_unknown_run_returns_immediately" time="0.035" /><testcase classname="tests.test_agent_runner" name="test_await_terminal_raises_409_on_timeout" time="0.145" /><testcase classname="tests.test_agent_runner" name="test_shutdown_cancels_and_joins_inflight_tasks" time="0.051" /><testcase classname="tests.test_agent_runner" name="test_supervisor_appends_errored_and_stopped_on_uncaught_exception" time="0.103" /><testcase classname="tests.test_agent_runner" name="test_supervisor_skips_redundant_stop_when_prior_stop_exists" time="0.095" /><testcase classname="tests.test_agent_runner" name="test_supervised_run_rehydrates_to_searching_after_resume" time="0.122" /><testcase classname="tests.test_agent_runner" name="test_wikipedia_first_in_preferred_sources" time="0.087" /><testcase classname="tests.test_agent_runner" name="test_trivial_path_latency_under_5s" time="0.097" /><testcase classname="tests.test_agent_states" name="test_can_transition_returns_true_for_every_listed_edge" time="0.003" /><testcase classname="tests.test_agent_states" name="test_init_cannot_jump_directly_to_searching" time="0.002" /><testcase classname="tests.test_agent_states" name="test_planning_cannot_jump_to_drafting" time="0.002" /><testcase classname="tests.test_agent_states" name="test_is_terminal_true_for_stopped" time="0.003" /><testcase classname="tests.test_agent_states" name="test_is_terminal_true_for_errored" time="0.004" /><testcase classname="tests.test_agent_states" name="test_is_terminal_false_for_planning" time="0.002" /><testcase classname="tests.test_agent_states" name="test_stopped_has_no_outgoing_transitions" time="0.002" /><testcase classname="tests.test_agent_states" name="test_errored_has_no_outgoing_transitions" time="0.002" /><testcase classname="tests.test_agent_states" name="test_terminal_states_membership" time="0.002" /><testcase classname="tests.test_agent_states" name="test_happy_path_edges_are_legal[init-planning]" time="0.002" /><testcase classname="tests.test_agent_states" name="test_happy_path_edges_are_legal[planning-critiquing]" time="0.002" /><testcase classname="tests.test_agent_states" name="test_happy_path_edges_are_legal[critiquing-searching]" time="0.003" /><testcase classname="tests.test_agent_states" name="test_happy_path_edges_are_legal[critiquing-revising]" time="0.002" /><testcase classname="tests.test_agent_states" name="test_happy_path_edges_are_legal[revising-critiquing]" time="0.002" /><testcase classname="tests.test_agent_states" name="test_happy_path_edges_are_legal[searching-analyzing]" time="0.002" /><testcase classname="tests.test_agent_states" name="test_happy_path_edges_are_legal[analyzing-searching]" time="0.002" /><testcase classname="tests.test_agent_states" name="test_happy_path_edges_are_legal[analyzing-drafting]" time="0.002" /><testcase classname="tests.test_agent_states" name="test_happy_path_edges_are_legal[drafting-judging]" time="0.003" /><testcase classname="tests.test_agent_states" name="test_happy_path_edges_are_legal[judging-searching]" time="0.002" /><testcase classname="tests.test_agent_states" name="test_happy_path_edges_are_legal[judging-stopped]" time="0.002" /><testcase classname="tests.test_agent_tasks_analyze" name="test_two_evidence_above_threshold_covers_claim" time="0.005" /><testcase classname="tests.test_agent_tasks_analyze" name="test_one_evidence_no_coverage" time="0.005" /><testcase classname="tests.test_agent_tasks_analyze" name="test_low_avg_confidence_does_not_cover" time="0.005" /><testcase classname="tests.test_agent_tasks_analyze" name="test_no_evidence_after_two_rounds_marks_uncoverable" time="0.005" /><testcase classname="tests.test_agent_tasks_analyze" name="test_no_evidence_before_two_rounds_keeps_pending" time="0.005" /><testcase classname="tests.test_agent_tasks_analyze_wp2_5" name="test_opposite_stances_emit_contradiction" time="0.006" /><testcase classname="tests.test_agent_tasks_analyze_wp2_5" name="test_same_stance_no_contradiction" time="0.005" /><testcase classname="tests.test_agent_tasks_analyze_wp2_5" name="test_cross_round_cumulative_detection" time="0.005" /><testcase classname="tests.test_agent_tasks_analyze_wp2_5" name="test_neutral_stance_does_not_trigger" time="0.006" /><testcase classname="tests.test_agent_tasks_classify" name="test_all_8_question_types_map_correctly[factual-factual]" time="0.007" /><testcase classname="tests.test_agent_tasks_classify" name="test_all_8_question_types_map_correctly[comparative-comparative]" time="0.008" /><testcase classname="tests.test_agent_tasks_classify" name="test_all_8_question_types_map_correctly[definitional-definitional]" time="0.008" /><testcase classname="tests.test_agent_tasks_classify" name="test_all_8_question_types_map_correctly[causal-causal]" time="0.007" /><testcase classname="tests.test_agent_tasks_classify" name="test_all_8_question_types_map_correctly[state_of_art-state_of_art]" time="0.007" /><testcase classname="tests.test_agent_tasks_classify" name="test_all_8_question_types_map_correctly[predictive_future-predictive_future]" time="0.007" /><testcase classname="tests.test_agent_tasks_classify" name="test_all_8_question_types_map_correctly[subjective_opinion-subjective_opinion]" time="0.005" /><testcase classname="tests.test_agent_tasks_classify" name="test_all_8_question_types_map_correctly[personal_private-personal_private]" time="0.009" /><testcase classname="tests.test_agent_tasks_classify" name="test_unrecognized_question_type_raises_error" time="0.007" /><testcase classname="tests.test_agent_tasks_classify" name="test_passes_question_as_user_message" time="0.007" /><testcase classname="tests.test_agent_tasks_classify_g9" name="test_empty_comparative_triggers_ambiguity[What is the best programming language?-subjective_opinion]" time="0.010" /><testcase classname="tests.test_agent_tasks_classify_g9" name="test_empty_comparative_triggers_ambiguity[\xbfCu\xe1l es el mejor framework?-subjective_opinion]" time="0.006" /><testcase classname="tests.test_agent_tasks_classify_g9" name="test_empty_comparative_triggers_ambiguity[Should I use Rust?-comparative]" time="0.008" /><testcase classname="tests.test_agent_tasks_classify_g9" name="test_empty_comparative_triggers_ambiguity[Vale la pena aprender TypeScript?-subjective_opinion]" time="0.006" /><testcase classname="tests.test_agent_tasks_classify_g9" name="test_criteria_bound_questions_no_ambiguity[What is the best programming language for embedded systems?-comparative]" time="0.007" /><testcase classname="tests.test_agent_tasks_classify_g9" name="test_criteria_bound_questions_no_ambiguity[Should I use Rust to build a web API?-comparative]" time="0.008" /><testcase classname="tests.test_agent_tasks_classify_g9" name="test_criteria_bound_questions_no_ambiguity[\xbfCu\xe1l es el mejor framework para machine learning?-subjective_opinion]" time="0.006" /><testcase classname="tests.test_agent_tasks_classify_g9" name="test_non_comparative_types_no_trigger" time="0.005" /><testcase classname="tests.test_agent_tasks_cove" name="test_generate_verification_questions_returns_3" time="0.007" /><testcase classname="tests.test_agent_tasks_cove" name="test_generate_verification_questions_pads_when_underfilled" time="0.005" /><testcase classname="tests.test_agent_tasks_cove" name="test_generate_verification_questions_raises_on_zero" time="0.006" /><testcase classname="tests.test_agent_tasks_cove" name="test_verify_question_returns_no_contradiction_when_evidence_supports" time="0.006" /><testcase classname="tests.test_agent_tasks_cove" name="test_verify_question_detects_contradiction" time="0.006" /><testcase classname="tests.test_agent_tasks_cove" name="test_verify_question_handles_empty_search_results" time="0.006" /><testcase classname="tests.test_agent_tasks_cove" name="test_verify_question_skips_empty_questions" time="0.006" /><testcase classname="tests.test_agent_tasks_cove" name="test_verify_question_handles_search_failure" time="0.005" /><testcase classname="tests.test_agent_tasks_draft" name="test_draft_answer_populates_state" time="0.009" /><testcase classname="tests.test_agent_tasks_draft" name="test_evaluate_with_judge_passes_when_above_threshold" time="0.007" /><testcase classname="tests.test_agent_tasks_draft" name="test_evaluate_with_judge_passes_through_verdict_approve" time="0.008" /><testcase classname="tests.test_agent_tasks_draft" name="test_evaluate_with_judge_includes_threshold_in_user_message" time="0.007" /><testcase classname="tests.test_agent_tasks_draft" name="test_evaluate_with_judge_fails_when_verdict_reject" time="0.008" /><testcase classname="tests.test_agent_tasks_draft" name="test_map_issues_to_claims_filters_invalid_ids" time="0.007" /><testcase classname="tests.test_agent_tasks_draft" name="test_map_issues_empty_returns_empty" time="0.007" /><testcase classname="tests.test_agent_tasks_draft" name="test_draft_best_effort_fallback_pins_kind_and_updates_state" time="0.007" /><testcase classname="tests.test_agent_tasks_draft_wp2" name="test_draft_answer_per_kind[direct-direct.json-factual-&lt;lambda&gt;]" time="0.049" /><testcase classname="tests.test_agent_tasks_draft_wp2" name="test_draft_answer_per_kind[weighted-weighted_q6.json-comparative-&lt;lambda&gt;]" time="0.037" /><testcase classname="tests.test_agent_tasks_draft_wp2" name="test_draft_answer_per_kind[scenario-scenario.json-predictive_future-&lt;lambda&gt;]" time="0.038" /><testcase classname="tests.test_agent_tasks_draft_wp2" name="test_draft_answer_per_kind[tradeoff-tradeoff.json-subjective_opinion-&lt;lambda&gt;]" time="0.040" /><testcase classname="tests.test_agent_tasks_draft_wp2" name="test_draft_answer_per_kind[ethical_redirect-ethical_redirect.json-personal_private-&lt;lambda&gt;]" time="0.041" /><testcase classname="tests.test_agent_tasks_draft_wp2" name="test_draft_answer_per_kind[best_effort-best_effort.json-comparative-&lt;lambda&gt;]" time="0.046" /><testcase classname="tests.test_agent_tasks_draft_wp2" name="test_kind_mismatch_retries_then_fails" time="0.009" /><testcase classname="tests.test_agent_tasks_draft_wp2" name="test_g10_missing_contradictions_retries_then_fails" time="0.010" /><testcase classname="tests.test_agent_tasks_draft_wp2" name="test_g10_contradictions_present_succeeds" time="0.012" /><testcase classname="tests.test_agent_tasks_draft_wp2" name="test_g3_ambiguity_flag_derived_from_events" time="0.009" /><testcase classname="tests.test_agent_tasks_hypotheses" name="test_generate_hypotheses_returns_2_to_4" time="0.010" /><testcase classname="tests.test_agent_tasks_hypotheses" name="test_hypotheses_have_unique_ids" time="0.005" /><testcase classname="tests.test_agent_tasks_plan" name="test_create_plan_returns_event_with_pending_sub_claims" time="0.006" /><testcase classname="tests.test_agent_tasks_plan" name="test_critique_plan_acceptable" time="0.005" /><testcase classname="tests.test_agent_tasks_plan" name="test_critique_plan_not_acceptable" time="0.009" /><testcase classname="tests.test_agent_tasks_plan" name="test_revise_plan_attaches_attempt_number" time="0.008" /><testcase classname="tests.test_agent_tasks_plan" name="test_create_plan_scales_claim_budget_by_question_type" time="0.006" /><testcase classname="tests.test_agent_tasks_plan" name="test_claim_budget_defaults_to_middle_range_when_unknown" time="0.002" /><testcase classname="tests.test_agent_tasks_plan" name="test_create_plan_routes_academic_sources_for_state_of_art" time="0.007" /><testcase classname="tests.test_agent_tasks_plan" name="test_create_plan_routes_academic_sources_for_comparative_deep" time="0.010" /><testcase classname="tests.test_agent_tasks_plan" name="test_create_plan_skips_academic_sources_for_factual_trivial" time="0.004" /><testcase classname="tests.test_agent_tasks_plan" name="test_create_plan_realtime_overrides_academic_routing" time="0.005" /><testcase classname="tests.test_agent_tasks_replan" name="test_identify_plan_gaps_returns_list" time="0.006" /><testcase classname="tests.test_agent_tasks_replan" name="test_identify_plan_gaps_caps_at_three" time="0.007" /><testcase classname="tests.test_agent_tasks_replan" name="test_identify_plan_gaps_handles_empty_response" time="0.006" /><testcase classname="tests.test_agent_tasks_replan" name="test_identify_plan_gaps_handles_llm_failure" time="0.009" /><testcase classname="tests.test_agent_tasks_search" name="test_tavily_success_emits_tool_called_and_evidence" time="0.009" /><testcase classname="tests.test_agent_tasks_search" name="test_tavily_failure_cascades_to_wikipedia" time="0.004" /><testcase classname="tests.test_agent_tasks_search" name="test_both_sources_fail_no_evidence" time="0.003" /><testcase classname="tests.test_agent_tasks_search" name="test_cap_at_5_claims_per_round" time="0.007" /><testcase classname="tests.test_agent_tasks_search" name="test_unavailable_source_is_skipped" time="0.004" /><testcase classname="tests.test_agent_tasks_search" name="test_execute_search_round_runs_claims_in_parallel" time="0.207" /><testcase classname="tests.test_agent_tasks_search" name="test_execute_search_round_preserves_event_order_per_claim" time="0.003" /><testcase classname="tests.test_agent_tasks_search" name="test_low_relevance_triggers_query_reformulation" time="0.004" /><testcase classname="tests.test_agent_tasks_search" name="test_high_relevance_skips_reformulation" time="0.004" /><testcase classname="tests.test_agent_tasks_search" name="test_preferred_sources_override_cascade_order" time="0.004" /><testcase classname="tests.test_agent_tasks_search" name="test_preferred_source_429_falls_back_to_default_cascade" time="0.004" /><testcase classname="tests.test_agent_tasks_search" name="test_empty_preferred_sources_uses_default_cascade" time="0.004" /><testcase classname="tests.test_agreement_expert_boost" name="test_agreement_expert_boost_integration" time="0.004" /><testcase classname="tests.test_agreement_expert_boost" name="test_min_s_j_invariant_after_boost" time="0.003" /><testcase classname="tests.test_auth_service" name="test_register_creates_user_and_returns_token" time="0.045" /><testcase classname="tests.test_auth_service" name="test_register_normalizes_username" time="0.030" /><testcase classname="tests.test_auth_service" name="test_register_rejects_too_short_username" time="0.023" /><testcase classname="tests.test_auth_service" name="test_register_rejects_too_long_username" time="0.024" /><testcase classname="tests.test_auth_service" name="test_register_rejects_invalid_characters" time="0.032" /><testcase classname="tests.test_auth_service" name="test_register_accepts_underscores_and_hyphens" time="0.032" /><testcase classname="tests.test_auth_service" name="test_register_duplicate_returns_new_token" time="0.047" /><testcase classname="tests.test_auth_service" name="test_register_duplicate_is_case_insensitive" time="0.048" /><testcase classname="tests.test_auth_service" name="test_verify_returns_true_for_valid_pair" time="0.039" /><testcase classname="tests.test_auth_service" name="test_verify_raises_for_wrong_token" time="0.041" /><testcase classname="tests.test_auth_service" name="test_verify_raises_for_unknown_user" time="0.028" /><testcase classname="tests.test_auth_service" name="test_get_user_returns_none_for_unknown" time="0.034" /><testcase classname="tests.test_auth_service" name="test_get_user_returns_user_for_known" time="0.038" /><testcase classname="tests.test_auth_token" name="test_generate_token_returns_64_hex_chars" time="0.003" /><testcase classname="tests.test_auth_token" name="test_generate_token_is_unique_across_calls" time="0.002" /><testcase classname="tests.test_auth_token" name="test_hash_token_is_deterministic" time="0.002" /><testcase classname="tests.test_auth_token" name="test_hash_token_returns_64_hex_chars" time="0.002" /><testcase classname="tests.test_auth_token" name="test_hash_token_differs_for_different_inputs" time="0.002" /><testcase classname="tests.test_auth_token" name="test_verify_token_accepts_matching_pair" time="0.001" /><testcase classname="tests.test_auth_token" name="test_verify_token_rejects_mismatch" time="0.002" /><testcase classname="tests.test_auth_token" name="test_verify_token_rejects_empty_token" time="0.002" /><testcase classname="tests.test_auth_token" name="test_verify_token_rejects_wrong_length_hash" time="0.002" /><testcase classname="tests.test_classify_complexity" name="test_trivial_fact_short_single_entity_high_conf" time="0.007" /><testcase classname="tests.test_classify_complexity" name="test_standard_comparative_excludes_trivial" time="0.008" /><testcase classname="tests.test_classify_complexity" name="test_deep_state_of_art_long_question" time="0.005" /><testcase classname="tests.test_classify_complexity" name="test_multi_entity_coercion_to_standard" time="0.005" /><testcase classname="tests.test_classify_complexity" name="test_low_conf_no_trivial" time="0.006" /><testcase classname="tests.test_classify_complexity" name="test_single_entity_definitional_trivial" time="0.005" /><testcase classname="tests.test_classify_complexity" name="test_replay_tolerates_missing_confidence" time="0.006" /><testcase classname="tests.test_classify_emits_new_types" name="test_classify_emits_new_types[What are the long-term risks of AI-generated code in enterprise systems?-predictive_future-predictive_future]" time="0.005" /><testcase classname="tests.test_classify_emits_new_types" name="test_classify_emits_new_types[Could AI systems replace mid-level software engineers within the next 10 years?-predictive_future-predictive_future]" time="0.005" /><testcase classname="tests.test_classify_emits_new_types" name="test_classify_emits_new_types[What is the best programming language?-subjective_opinion-subjective_opinion]" time="0.005" /><testcase classname="tests.test_classify_emits_new_types" name="test_classify_emits_new_types[Should I quit my job?-personal_private-personal_private]" time="0.005" /><testcase classname="tests.test_classify_emits_new_types" name="test_classify_emits_new_types[Should a high-scale AI platform use event-driven architecture or synchronous microservices?-comparative-comparative]" time="0.005" /><testcase classname="tests.test_classify_emits_new_types" name="test_question_classified_event_discriminator_roundtrip" time="0.015" /><testcase classname="tests.test_classify_temporal" name="test_derive_temporal_sensitivity[What is the current price of bitcoin?-factual-realtime]" time="0.002" /><testcase classname="tests.test_classify_temporal" name="test_derive_temporal_sensitivity[Who is winning right now?-factual-realtime]" time="0.002" /><testcase classname="tests.test_classify_temporal" name="test_derive_temporal_sensitivity[Best ML framework in 2025?-comparative-volatile]" time="0.003" /><testcase classname="tests.test_classify_temporal" name="test_derive_temporal_sensitivity[Latest LLM benchmarks-state_of_art-volatile]" time="0.002" /><testcase classname="tests.test_classify_temporal" name="test_derive_temporal_sensitivity[PostgreSQL vs MongoDB-comparative-volatile]" time="0.002" /><testcase classname="tests.test_classify_temporal" name="test_derive_temporal_sensitivity[What is the capital of Japan?-factual-static]" time="0.002" /><testcase classname="tests.test_classify_temporal" name="test_derive_temporal_sensitivity[What is CQRS?-definitional-static]" time="0.002" /><testcase classname="tests.test_classify_temporal" name="test_derive_temporal_sensitivity[Population of Brazil-factual-slow_changing]" time="0.002" /><testcase classname="tests.test_classify_temporal" name="test_derive_temporal_sensitivity[Events of 2008 crisis-causal-slow_changing]" time="0.002" /><testcase classname="tests.test_classify_temporal" name="test_derive_temporal_sensitivity[Why did the empire fall?-causal-slow_changing]" time="0.004" /><testcase classname="tests.test_confidence_authority_multiplier" name="test_primary_authoritative_row_contributes_1_05x_to_c_coverage" time="0.001" /><testcase classname="tests.test_confidence_authority_multiplier" name="test_general_row_contributes_0_90x_to_c_coverage" time="0.003" /><testcase classname="tests.test_confidence_authority_multiplier" name="test_low_signal_row_contributes_0_50x_to_c_coverage" time="0.001" /><testcase classname="tests.test_confidence_authority_multiplier" name="test_c_coverage_clamped_to_1_0_after_multiplier" time="0.002" /><testcase classname="tests.test_confidence_authority_multiplier" name="test_low_signal_rows_drag_c_diversity_below_baseline" time="0.002" /><testcase classname="tests.test_confidence_authority_multiplier" name="test_diversity_takes_best_tier_per_domain" time="0.001" /><testcase classname="tests.test_confidence_authority_multiplier" name="test_c_agreement_untouched_by_authority_multiplier" time="0.002" /><testcase classname="tests.test_confidence_authority_multiplier" name="test_c_no_conflict_untouched_by_authority_multiplier" time="0.002" /><testcase classname="tests.test_confidence_authority_multiplier" name="test_authority_tier_missing_defaults_to_general_on_replay" time="0.002" /><testcase classname="tests.test_confidence_authority_multiplier" name="test_final_confidence_respects_authority_through_s_effective" time="0.003" /><testcase classname="tests.test_confidence_calculator" name="test_init_default_threshold" time="0.003" /><testcase classname="tests.test_confidence_calculator" name="test_init_custom_threshold" time="0.002" /><testcase classname="tests.test_confidence_calculator" name="test_init_invalid_threshold_high_raises" time="0.003" /><testcase classname="tests.test_confidence_calculator" name="test_init_invalid_threshold_negative_raises" time="0.002" /><testcase classname="tests.test_confidence_calculator" name="test_calculate_final_uses_min_judge_lower" time="0.002" /><testcase classname="tests.test_confidence_calculator" name="test_calculate_final_uses_min_structural_lower" time="0.002" /><testcase classname="tests.test_confidence_calculator" name="test_calculate_passed_above_threshold" time="0.002" /><testcase classname="tests.test_confidence_calculator" name="test_calculate_passed_below_threshold" time="0.003" /><testcase classname="tests.test_confidence_calculator" name="test_calculate_returns_structural_components" time="0.002" /><testcase classname="tests.test_confidence_calculator" name="test_calculate_threshold_preserved" time="0.002" /><testcase classname="tests.test_confidence_calculator" name="test_check_sufficient_true" time="0.001" /><testcase classname="tests.test_confidence_calculator" name="test_check_sufficient_low_coverage" time="0.001" /><testcase classname="tests.test_confidence_calculator" name="test_check_sufficient_low_agreement" time="0.001" /><testcase classname="tests.test_confidence_calculator" name="test_check_sufficient_too_many_conflicts" time="0.002" /><testcase classname="tests.test_confidence_mismatch" name="test_no_mismatch_below_threshold" time="0.002" /><testcase classname="tests.test_confidence_mismatch" name="test_no_mismatch_at_threshold" time="0.001" /><testcase classname="tests.test_confidence_mismatch" name="test_mismatch_structural_higher" time="0.002" /><testcase classname="tests.test_confidence_mismatch" name="test_mismatch_judge_higher" time="0.002" /><testcase classname="tests.test_confidence_mismatch" name="test_mismatch_custom_threshold" time="0.002" /><testcase classname="tests.test_confidence_mismatch" name="test_mismatch_divergence_value" time="0.002" /><testcase classname="tests.test_confidence_mismatch" name="test_mismatch_equal_values_no_flag" time="0.002" /><testcase classname="tests.test_confidence_mismatch" name="test_mismatch_result_is_frozen" time="0.002" /><testcase classname="tests.test_confidence_structural" name="test_coverage_with_no_claims" time="0.001" /><testcase classname="tests.test_confidence_structural" name="test_coverage_all_covered" time="0.002" /><testcase classname="tests.test_confidence_structural" name="test_coverage_partial" time="0.002" /><testcase classname="tests.test_confidence_structural" name="test_agreement_empty_evidence" time="0.002" /><testcase classname="tests.test_confidence_structural" name="test_agreement_all_supports" time="0.002" /><testcase classname="tests.test_confidence_structural" name="test_agreement_mixed" time="0.002" /><testcase classname="tests.test_confidence_structural" name="test_agreement_zero_total_weight" time="0.002" /><testcase classname="tests.test_confidence_structural" name="test_diversity_no_evidence" time="0.001" /><testcase classname="tests.test_confidence_structural" name="test_diversity_one_domain" time="0.002" /><testcase classname="tests.test_confidence_structural" name="test_diversity_two_domains" time="0.002" /><testcase classname="tests.test_confidence_structural" name="test_diversity_three_domains" time="0.002" /><testcase classname="tests.test_confidence_structural" name="test_diversity_four_domains" time="0.001" /><testcase classname="tests.test_confidence_structural" name="test_diversity_five_or_more" time="0.002" /><testcase classname="tests.test_confidence_structural" name="test_diversity_normalizes_www_and_scheme" time="0.002" /><testcase classname="tests.test_confidence_structural" name="test_no_conflict_no_evidence" time="0.002" /><testcase classname="tests.test_confidence_structural" name="test_no_conflict_no_contradictions" time="0.002" /><testcase classname="tests.test_confidence_structural" name="test_no_conflict_partial" time="0.002" /><testcase classname="tests.test_confidence_structural" name="test_no_conflict_more_contradictions_than_evidence" time="0.002" /><testcase classname="tests.test_confidence_structural" name="test_structural_full_state" time="0.002" /><testcase classname="tests.test_confidence_structural" name="test_echo_chamber_penalty_applied_when_dates_cluster" time="0.002" /><testcase classname="tests.test_confidence_structural" name="test_echo_chamber_penalty_skipped_when_dates_spread" time="0.002" /><testcase classname="tests.test_confidence_structural" name="test_echo_chamber_penalty_skipped_when_agreement_below_threshold" time="0.002" /><testcase classname="tests.test_confidence_structural" name="test_echo_chamber_penalty_skipped_when_insufficient_dated_evidence" time="0.003" /><testcase classname="tests.test_confidence_structural" name="test_calculate_structural_confidence_integrates_echo_chamber_penalty" time="0.004" /><testcase classname="tests.test_deep_fetch_task" name="test_budget_table_matches_settings" time="0.001" /><testcase classname="tests.test_deep_fetch_task" name="test_count_uses_max_of_folded_and_live" time="0.003" /><testcase classname="tests.test_deep_fetch_task" name="test_no_shallow_ids_is_noop" time="0.004" /><testcase classname="tests.test_deep_fetch_task" name="test_trivial_budget_zero_blocks_fetch" time="0.005" /><testcase classname="tests.test_deep_fetch_task" name="test_successful_fetch_updates_evidence_and_emits_success" time="0.004" /><testcase classname="tests.test_deep_fetch_task" name="test_failure_emits_failure_reason_and_keeps_evidence" time="0.008" /><testcase classname="tests.test_deep_fetch_task" name="test_skips_claims_with_long_evidence" time="0.005" /><testcase classname="tests.test_deep_meta_judge_hook" name="test_after_cove_emits_event_with_correct_hook" time="0.010" /><testcase classname="tests.test_deep_meta_judge_hook" name="test_after_cove_stop_best_effort" time="0.004" /><testcase classname="tests.test_deep_meta_judge_hook" name="test_after_cove_confirm_skips_mini_judge_path" time="0.009" /><testcase classname="tests.test_dependencies" name="test_get_current_username_missing_headers_returns_401" time="0.091" /><testcase classname="tests.test_dependencies" name="test_get_current_username_missing_token_returns_401" time="0.045" /><testcase classname="tests.test_dependencies" name="test_get_current_username_missing_username_returns_401" time="0.039" /><testcase classname="tests.test_dependencies" name="test_get_current_username_wrong_token_returns_401" time="0.052" /><testcase classname="tests.test_dependencies" name="test_get_current_username_unknown_user_returns_401" time="0.043" /><testcase classname="tests.test_dependencies" name="test_get_current_username_valid_pair_succeeds" time="0.050" /><testcase classname="tests.test_domain_enums" name="test_stop_reason_has_exactly_4_values" time="0.002" /><testcase classname="tests.test_domain_enums" name="test_stop_reason_values" time="0.001" /><testcase classname="tests.test_domain_enums" name="test_question_type_has_exactly_8_values" time="0.003" /><testcase classname="tests.test_domain_enums" name="test_question_type_values" time="0.002" /><testcase classname="tests.test_domain_enums" name="test_answer_kind_has_exactly_6_values" time="0.002" /><testcase classname="tests.test_domain_enums" name="test_answer_kind_values" time="0.001" /><testcase classname="tests.test_domain_enums" name="test_output_format_has_exactly_2_values" time="0.002" /><testcase classname="tests.test_domain_enums" name="test_output_format_values" time="0.002" /><testcase classname="tests.test_domain_enums" name="test_event_type_has_exactly_31_values" time="0.002" /><testcase classname="tests.test_domain_enums" name="test_event_type_values" time="0.001" /><testcase classname="tests.test_domain_enums" name="test_evidence_polarity_values" time="0.002" /><testcase classname="tests.test_domain_enums" name="test_source_type_values" time="0.001" /><testcase classname="tests.test_domain_enums" name="test_enums_are_string_subclass" time="0.001" /><testcase classname="tests.test_domain_enums" name="test_complexity_hint_has_exactly_3_values" time="0.001" /><testcase classname="tests.test_domain_enums" name="test_complexity_hint_values" time="0.001" /><testcase classname="tests.test_domain_enums" name="test_authority_tier_values" time="0.001" /><testcase classname="tests.test_domain_enums" name="test_lane_has_exactly_3_values" time="0.002" /><testcase classname="tests.test_domain_enums" name="test_lane_values" time="0.002" /><testcase classname="tests.test_domain_events" name="test_stopped_event_serializes_all_fields" time="0.002" /><testcase classname="tests.test_domain_events" name="test_type_adapter_parses_each_event_type[QuestionAsked]" time="0.002" /><testcase classname="tests.test_domain_events" name="test_type_adapter_parses_each_event_type[QuestionNormalized]" time="0.002" /><testcase classname="tests.test_domain_events" name="test_type_adapter_parses_each_event_type[QuestionClassified]" time="0.001" /><testcase classname="tests.test_domain_events" name="test_type_adapter_parses_each_event_type[PlanCreated]" time="0.002" /><testcase classname="tests.test_domain_events" name="test_type_adapter_parses_each_event_type[PlanCritiqued]" time="0.002" /><testcase classname="tests.test_domain_events" name="test_type_adapter_parses_each_event_type[PlanRevised]" time="0.002" /><testcase classname="tests.test_domain_events" name="test_type_adapter_parses_each_event_type[HypothesesGenerated]" time="0.002" /><testcase classname="tests.test_domain_events" name="test_type_adapter_parses_each_event_type[ToolCalled]" time="0.001" /><testcase classname="tests.test_domain_events" name="test_type_adapter_parses_each_event_type[EvidenceAdded]" time="0.002" /><testcase classname="tests.test_domain_events" name="test_type_adapter_parses_each_event_type[ClaimCovered]" time="0.002" /><testcase classname="tests.test_domain_events" name="test_type_adapter_parses_each_event_type[ClaimUncoverable]" time="0.002" /><testcase classname="tests.test_domain_events" name="test_type_adapter_parses_each_event_type[SourceFailed]" time="0.002" /><testcase classname="tests.test_domain_events" name="test_type_adapter_parses_each_event_type[AmbiguityDetected]" time="0.001" /><testcase classname="tests.test_domain_events" name="test_type_adapter_parses_each_event_type[ContradictionDetected]" time="0.001" /><testcase classname="tests.test_domain_events" name="test_type_adapter_parses_each_event_type[ContradictionResolved]" time="0.001" /><testcase classname="tests.test_domain_events" name="test_type_adapter_parses_each_event_type[UserContextChallenged]" time="0.001" /><testcase classname="tests.test_domain_events" name="test_type_adapter_parses_each_event_type[PriorRunHintReplayed]" time="0.002" /><testcase classname="tests.test_domain_events" name="test_type_adapter_parses_each_event_type[JudgeRuled]" time="0.002" /><testcase classname="tests.test_domain_events" name="test_type_adapter_parses_each_event_type[ConfidenceMismatch]" time="0.003" /><testcase classname="tests.test_domain_events" name="test_type_adapter_parses_each_event_type[SaturationDetected]" time="0.001" /><testcase classname="tests.test_domain_events" name="test_type_adapter_parses_each_event_type[JudgeProviderDegraded]" time="0.001" /><testcase classname="tests.test_domain_events" name="test_type_adapter_parses_each_event_type[DeepFetchPerformed]" time="0.001" /><testcase classname="tests.test_domain_events" name="test_type_adapter_parses_each_event_type[QueryReformulated]" time="0.002" /><testcase classname="tests.test_domain_events" name="test_type_adapter_parses_each_event_type[EchoChamberDetected]" time="0.002" /><testcase classname="tests.test_domain_events" name="test_type_adapter_parses_each_event_type[RouteSelected]" time="0.002" /><testcase classname="tests.test_domain_events" name="test_type_adapter_parses_each_event_type[PlanGapsDetected]" time="0.001" /><testcase classname="tests.test_domain_events" name="test_type_adapter_parses_each_event_type[NoProgressDetected]" time="0.002" /><testcase classname="tests.test_domain_events" name="test_type_adapter_parses_each_event_type[LaneEscalated]" time="0.002" /><testcase classname="tests.test_domain_events" name="test_type_adapter_parses_each_event_type[AgentThought]" time="0.001" /><testcase classname="tests.test_domain_events" name="test_type_adapter_parses_each_event_type[AgentAction]" time="0.001" /><testcase classname="tests.test_domain_events" name="test_type_adapter_parses_each_event_type[AgentObservation]" time="0.001" /><testcase classname="tests.test_domain_events" name="test_type_adapter_parses_each_event_type[HypothesisEvaluated]" time="0.001" /><testcase classname="tests.test_domain_events" name="test_type_adapter_parses_each_event_type[HistorySummarized]" time="0.001" /><testcase classname="tests.test_domain_events" name="test_type_adapter_parses_each_event_type[VerificationQuestionsGenerated]" time="0.003" /><testcase classname="tests.test_domain_events" name="test_type_adapter_parses_each_event_type[CoveContradictionDetected]" time="0.001" /><testcase classname="tests.test_domain_events" name="test_type_adapter_parses_each_event_type[DraftSynthesized]" time="0.002" /><testcase classname="tests.test_domain_events" name="test_type_adapter_parses_each_event_type[MetaStopVerdict]" time="0.001" /><testcase classname="tests.test_domain_events" name="test_type_adapter_parses_each_event_type[AdversarialObjectionsGenerated]" time="0.002" /><testcase classname="tests.test_domain_events" name="test_type_adapter_parses_each_event_type[DirectedSubclaimsFromObjections]" time="0.003" /><testcase classname="tests.test_domain_events" name="test_type_adapter_parses_each_event_type[AgentErrored]" time="0.001" /><testcase classname="tests.test_domain_events" name="test_type_adapter_parses_each_event_type[ResumedAfterError]" time="0.001" /><testcase classname="tests.test_domain_events" name="test_type_adapter_parses_each_event_type[ResumedAfterCancel]" time="0.001" /><testcase classname="tests.test_domain_events" name="test_type_adapter_parses_each_event_type[Stopped]" time="0.002" /><testcase classname="tests.test_domain_events" name="test_extra_fields_preserved_in_model_extra" time="0.001" /><testcase classname="tests.test_domain_events" name="test_event_type_enum_has_22_values" time="0.001" /><testcase classname="tests.test_domain_events" name="test_forkable_events_exact_membership" time="0.001" /><testcase classname="tests.test_domain_events" name="test_event_type_map_covers_every_event_type" time="0.001" /><testcase classname="tests.test_domain_events" name="test_event_type_map_values_are_unique_classes" time="0.001" /><testcase classname="tests.test_domain_events" name="test_sub_claim_defaults_to_pending" time="0.002" /><testcase classname="tests.test_domain_events" name="test_contradiction_source_extra_allow" time="0.001" /><testcase classname="tests.test_domain_events" name="test_question_asked_round_trip_question_type" time="0.001" /><testcase classname="tests.test_domain_events" name="test_evidence_added_event_accepts_authority_tier" time="0.001" /><testcase classname="tests.test_domain_events" name="test_query_reformulated_event_serializes" time="0.001" /><testcase classname="tests.test_domain_events" name="test_echo_chamber_detected_event_serializes" time="0.003" /><testcase classname="tests.test_domain_events" name="test_route_selected_event_serializes" time="0.001" /><testcase classname="tests.test_domain_events" name="test_plan_gaps_detected_event_serializes" time="0.001" /><testcase classname="tests.test_domain_events" name="test_no_progress_detected_event_serializes" time="0.001" /><testcase classname="tests.test_domain_events" name="test_lane_escalated_event_serializes" time="0.001" /><testcase classname="tests.test_domain_events" name="test_evidence_added_event_authority_tier_defaults_to_none" time="0.001" /><testcase classname="tests.test_domain_meta_stop" name="test_voc_verdict_accepts_three_decisions" time="0.002" /><testcase classname="tests.test_domain_meta_stop" name="test_voc_verdict_rejects_bad_delta" time="0.003" /><testcase classname="tests.test_domain_meta_stop" name="test_voc_verdict_requires_reason" time="0.002" /><testcase classname="tests.test_domain_meta_stop" name="test_adversarial_verdict_requires_exactly_three" time="0.001" /><testcase classname="tests.test_domain_meta_stop" name="test_adversarial_verdict_derives_all_answered" time="0.001" /><testcase classname="tests.test_domain_meta_stop" name="test_extra_fields_allowed_for_replay_safety" time="0.001" /><testcase classname="tests.test_domain_models" name="test_run_create_defaults" time="0.002" /><testcase classname="tests.test_domain_models" name="test_run_create_question_min_length" time="0.001" /><testcase classname="tests.test_domain_models" name="test_run_create_question_max_length" time="0.001" /><testcase classname="tests.test_domain_models" name="test_run_create_confidence_threshold_lower_bound" time="0.002" /><testcase classname="tests.test_domain_models" name="test_run_create_confidence_threshold_upper_bound" time="0.001" /><testcase classname="tests.test_domain_models" name="test_run_create_confidence_threshold_inclusive_bounds" time="0.001" /><testcase classname="tests.test_domain_models" name="test_run_create_user_context_max_length" time="0.002" /><testcase classname="tests.test_domain_models" name="test_run_response_accepts_optional_fields" time="0.001" /><testcase classname="tests.test_domain_models" name="test_run_list_item_minimal" time="0.003" /><testcase classname="tests.test_domain_models" name="test_run_fork_request" time="0.002" /><testcase classname="tests.test_domain_models" name="test_structural_confidence_score_all_ones" time="0.003" /><testcase classname="tests.test_domain_models" name="test_structural_confidence_score_all_zero" time="0.001" /><testcase classname="tests.test_domain_models" name="test_structural_confidence_score_weighted_formula" time="0.001" /><testcase classname="tests.test_domain_models" name="test_structural_confidence_rejects_out_of_range" time="0.001" /><testcase classname="tests.test_domain_models" name="test_confidence_result_shape" time="0.001" /><testcase classname="tests.test_domain_models" name="test_confidence_result_rejects_out_of_range" time="0.001" /><testcase classname="tests.test_event_service" name="test_append_assigns_sequential_step_index" time="0.072" /><testcase classname="tests.test_event_service" name="test_append_excludes_envelope_keys_from_payload" time="0.058" /><testcase classname="tests.test_event_service" name="test_get_events_filters_by_after_step" time="0.091" /><testcase classname="tests.test_event_service" name="test_get_events_returns_sse_shape" time="0.057" /><testcase classname="tests.test_event_service" name="test_get_event_returns_none_when_missing" time="0.035" /><testcase classname="tests.test_event_service" name="test_append_event_no_commit_flushes_but_does_not_commit" time="0.056" /><testcase classname="tests.test_event_service" name="test_append_event_default_still_commits" time="0.062" /><testcase classname="tests.test_event_service" name="test_get_latest_event_returns_none_for_empty_run" time="0.055" /><testcase classname="tests.test_event_service" name="test_get_latest_event_returns_highest_step_index" time="0.070" /><testcase classname="tests.test_experts_taxonomy" name="test_exact_domain_match" time="0.001" /><testcase classname="tests.test_experts_taxonomy" name="test_domain_mismatch" time="0.003" /><testcase classname="tests.test_experts_taxonomy" name="test_blog_miss" time="0.002" /><testcase classname="tests.test_experts_taxonomy" name="test_tld_family_gov" time="0.002" /><testcase classname="tests.test_experts_taxonomy" name="test_two_expert_non_compound" time="0.002" /><testcase classname="tests.test_experts_taxonomy" name="test_clamp_at_one" time="0.002" /><testcase classname="tests.test_experts_taxonomy" name="test_none_expected_experts" time="0.002" /><testcase classname="tests.test_experts_taxonomy" name="test_unknown_expert_label_no_raise" time="0.002" /><testcase classname="tests.test_experts_taxonomy" name="test_normalize_host" time="0.001" /><testcase classname="tests.test_experts_taxonomy" name="test_pattern_matches_wildcard" time="0.001" /><testcase classname="tests.test_experts_taxonomy" name="test_pattern_matches_exact" time="0.001" /><testcase classname="tests.test_health" name="test_health_endpoint_returns_ok" time="0.030" /><testcase classname="tests.test_health" name="test_health_endpoint_content_type" time="0.004" /><testcase classname="tests.test_health" name="test_cors_headers_present" time="0.003" /><testcase classname="tests.test_health_probes" name="test_raise_mapped_auth_401" time="0.002" /><testcase classname="tests.test_health_probes" name="test_raise_mapped_auth_403" time="0.004" /><testcase classname="tests.test_health_probes" name="test_raise_mapped_rate_limit_429" time="0.002" /><testcase classname="tests.test_health_probes" name="test_raise_mapped_upstream_5xx" time="0.001" /><testcase classname="tests.test_health_probes" name="test_raise_mapped_unreachable_by_name" time="0.002" /><testcase classname="tests.test_health_probes" name="test_raise_mapped_unknown_falls_back_to_upstream" time="0.001" /><testcase classname="tests.test_health_probes" name="test_anthropic_runner_no_key_when_unset" time="0.005" /><testcase classname="tests.test_health_probes" name="test_anthropic_runner_no_key_when_blank" time="0.005" /><testcase classname="tests.test_health_probes" name="test_anthropic_runner_succeeds_when_key_set" time="0.004" /><testcase classname="tests.test_health_probes" name="test_anthropic_runner_raises_rate_limit_when_recent_rate_limit" time="0.003" /><testcase classname="tests.test_health_probes" name="test_anthropic_runner_raises_upstream_when_quota_exhausted" time="0.003" /><testcase classname="tests.test_health_probes" name="test_anthropic_runner_raises_auth_when_recent_auth_failure" time="0.003" /><testcase classname="tests.test_health_probes" name="test_anthropic_runner_raises_unreachable_when_recent_network_error" time="0.003" /><testcase classname="tests.test_health_probes" name="test_anthropic_runner_recovers_after_clear" time="0.003" /><testcase classname="tests.test_health_probes" name="test_anthropic_runner_ignores_stale_error" time="0.004" /><testcase classname="tests.test_health_probes" name="test_disabled_runner_raises_disabled_error" time="0.003" /><testcase classname="tests.test_health_probes" name="test_source_runner_no_key_when_source_unregistered" time="0.003" /><testcase classname="tests.test_health_probes" name="test_source_runner_disabled_when_no_key_var" time="0.004" /><testcase classname="tests.test_health_probes" name="test_source_runner_upstream_error_when_health_check_false" time="0.004" /><testcase classname="tests.test_health_probes" name="test_source_runner_success" time="0.003" /><testcase classname="tests.test_health_probes" name="test_source_runner_propagates_timeout" time="0.003" /><testcase classname="tests.test_health_probes" name="test_source_runner_maps_auth_error" time="0.004" /><testcase classname="tests.test_health_probes" name="test_probes_registry_contains_v1_services" time="0.001" /><testcase classname="tests.test_health_registry" name="test_status_mapping[exc0-down-probe timeout]" time="0.004" /><testcase classname="tests.test_health_registry" name="test_status_mapping[exc1-disabled-not enabled]" time="0.004" /><testcase classname="tests.test_health_registry" name="test_status_mapping[exc2-no_key-ANTHROPIC_API_KEY]" time="0.005" /><testcase classname="tests.test_health_registry" name="test_status_mapping[exc3-down-authentication]" time="0.004" /><testcase classname="tests.test_health_registry" name="test_status_mapping[exc4-degraded-rate limited]" time="0.003" /><testcase classname="tests.test_health_registry" name="test_status_mapping[exc5-down-unreachable]" time="0.004" /><testcase classname="tests.test_health_registry" name="test_status_mapping[exc6-down-503]" time="0.004" /><testcase classname="tests.test_health_registry" name="test_status_mapping[exc7-down-internal probe error]" time="0.006" /><testcase classname="tests.test_health_registry" name="test_ok_marks_latency_and_status_ok" time="0.006" /><testcase classname="tests.test_health_registry" name="test_degraded_when_latency_above_threshold" time="0.004" /><testcase classname="tests.test_health_registry" name="test_timeout_when_runner_hangs" time="0.058" /><testcase classname="tests.test_health_registry" name="test_cache_hit_within_ttl" time="0.005" /><testcase classname="tests.test_health_registry" name="test_refresh_bypasses_cache" time="0.003" /><testcase classname="tests.test_health_registry" name="test_cache_expires_after_ttl" time="0.005" /><testcase classname="tests.test_health_registry" name="test_single_flight_coalesces_concurrent_requests" time="0.005" /><testcase classname="tests.test_health_registry" name="test_get_registry_returns_singleton" time="0.003" /><testcase classname="tests.test_health_route" name="test_services_endpoint_returns_snapshot" time="3.391" /><testcase classname="tests.test_health_route" name="test_services_endpoint_is_cheap_on_cache_hit" time="0.022" /><testcase classname="tests.test_health_route" name="test_legacy_health_endpoint_still_works" time="0.019" /><testcase classname="tests.test_instant_answer_cache" name="test_normalise_question_whitespace" time="0.001" /><testcase classname="tests.test_instant_answer_cache" name="test_normalise_question_punctuation" time="0.001" /><testcase classname="tests.test_instant_answer_cache" name="test_normalise_question_case" time="0.001" /><testcase classname="tests.test_instant_answer_cache" name="test_try_replay_hit_high_conf" time="0.001" /><testcase classname="tests.test_instant_answer_cache" name="test_try_replay_low_conf_no_replay" time="0.001" /><testcase classname="tests.test_instant_answer_cache" name="test_try_replay_non_judge_confirmed_no_replay" time="0.001" /><testcase classname="tests.test_instant_answer_cache" name="test_cosine_similar_different_string_no_replay" time="0.001" /><testcase classname="tests.test_instant_answer_cache" name="test_cross_user_scoping" time="0.001" /><testcase classname="tests.test_instant_answer_cache" name="test_reset_instant_cache_clears" time="0.001" /><testcase classname="tests.test_instant_answer_cache" name="test_instant_replay_latency_assertion" time="0.003" /><testcase classname="tests.test_instant_answer_cache" name="test_fork_after_replay_inherits_confidence" time="0.003" /><testcase classname="tests.test_kind_ceiling_temporal_penalty" name="test_no_penalty_when_temporal_is_none" time="0.002" /><testcase classname="tests.test_kind_ceiling_temporal_penalty" name="test_penalty_applies_only_on_direct_volatile_with_stale_majority" time="0.001" /><testcase classname="tests.test_kind_ceiling_temporal_penalty" name="test_is_stale_majority_counts_missing_dates_as_stale" time="0.001" /><testcase classname="tests.test_llm_client" name="test_call_classifier_returns_question_classification" time="0.003" /><testcase classname="tests.test_llm_client" name="test_call_planner_returns_plan_output" time="0.004" /><testcase classname="tests.test_llm_client" name="test_call_synthesizer_returns_synthesized_answer" time="0.004" /><testcase classname="tests.test_llm_client" name="test_call_judge_returns_verdict" time="0.003" /><testcase classname="tests.test_llm_client" name="test_call_prepends_role_system_prompt_when_absent" time="0.024" /><testcase classname="tests.test_llm_client" name="test_call_does_not_prepend_system_when_present" time="0.003" /><testcase classname="tests.test_llm_client" name="test_call_success_path_for_each_role[classifier-QuestionClassification-instance0]" time="0.003" /><testcase classname="tests.test_llm_client" name="test_call_success_path_for_each_role[planner-PlanOutput-instance1]" time="0.004" /><testcase classname="tests.test_llm_client" name="test_call_success_path_for_each_role[synthesizer-SynthesizedAnswer-instance2]" time="0.004" /><testcase classname="tests.test_llm_client" name="test_call_success_path_for_each_role[judge-JudgeVerdict-instance3]" time="0.003" /><testcase classname="tests.test_llm_client" name="test_call_rotates_github_tokens" time="0.004" /><testcase classname="tests.test_llm_client" name="test_pool_exhausted_raises_llmpool_exhausted" time="0.005" /><testcase classname="tests.test_llm_client" name="test_is_quota_exhausted_detects_known_markers[insufficient_quota]" time="0.001" /><testcase classname="tests.test_llm_client" name="test_is_quota_exhausted_detects_known_markers[RESOURCE_EXHAUSTED]" time="0.001" /><testcase classname="tests.test_llm_client" name="test_is_quota_exhausted_detects_known_markers[You exceeded your current quota]" time="0.001" /><testcase classname="tests.test_llm_client" name="test_is_quota_exhausted_detects_known_markers[GenerateRequestsPerDayPerProjectPerModel-FreeTier]" time="0.001" /><testcase classname="tests.test_llm_client" name="test_is_quota_exhausted_ignores_transient_rate_limit" time="0.001" /><testcase classname="tests.test_llm_client" name="test_non_github_provider_quota_raises_typed_error" time="0.003" /><testcase classname="tests.test_llm_client" name="test_non_github_provider_transient_rate_limit_still_propagates" time="30.044" /><testcase classname="tests.test_llm_embeddings" name="test_embed_returns_empty_for_empty_input" time="0.009" /><testcase classname="tests.test_llm_embeddings" name="test_embed_falls_back_to_github_pool_on_openai_quota_error" time="0.012" /><testcase classname="tests.test_llm_embeddings" name="test_embed_uses_openai_directly_when_key_works" time="0.015" /><testcase classname="tests.test_llm_last_error" name="test_get_recent_returns_none_when_no_record" time="0.005" /><testcase classname="tests.test_llm_last_error" name="test_record_then_get_returns_entry" time="0.010" /><testcase classname="tests.test_llm_last_error" name="test_clear_drops_entry" time="0.003" /><testcase classname="tests.test_llm_last_error" name="test_record_overwrites_previous_entry" time="0.005" /><testcase classname="tests.test_llm_last_error" name="test_entry_decays_past_window" time="0.003" /><testcase classname="tests.test_llm_last_error" name="test_entries_are_per_provider" time="0.005" /><testcase classname="tests.test_llm_last_error" name="test_message_is_truncated" time="0.004" /><testcase classname="tests.test_llm_last_error" name="test_real_time_clock_records_within_window" time="0.004" /><testcase classname="tests.test_llm_meta_judge" name="test_voc_helper_calls_meta_judge_role" time="0.009" /><testcase classname="tests.test_llm_meta_judge" name="test_adversarial_helper_calls_meta_judge_role" time="0.014" /><testcase classname="tests.test_llm_meta_judge" name="test_meta_judge_role_registered" time="0.004" /><testcase classname="tests.test_llm_models_unwrap" name="test_synthesizer_unwraps_schema_envelope" time="0.004" /><testcase classname="tests.test_llm_models_unwrap" name="test_synthesizer_accepts_correct_payload" time="0.003" /><testcase classname="tests.test_llm_models_unwrap" name="test_unwrap_does_not_trigger_when_properties_is_unrelated" time="0.002" /><testcase classname="tests.test_llm_models_unwrap" name="test_unwrap_does_not_apply_when_inner_lacks_expected_fields" time="0.002" /><testcase classname="tests.test_llm_models_unwrap" name="test_unwrap_applies_to_every_response_model[QuestionClassification-inner0]" time="0.004" /><testcase classname="tests.test_llm_models_unwrap" name="test_unwrap_applies_to_every_response_model[QuestionNormalization-inner1]" time="0.004" /><testcase classname="tests.test_llm_models_unwrap" name="test_unwrap_applies_to_every_response_model[PlanOutput-inner2]" time="0.003" /><testcase classname="tests.test_llm_models_unwrap" name="test_unwrap_applies_to_every_response_model[JudgeVerdict-inner3]" time="0.004" /><testcase classname="tests.test_llm_models_unwrap" name="test_unwrap_applies_to_every_response_model[CritiqueOutput-inner4]" time="0.004" /><testcase classname="tests.test_llm_prompts_language_policy" name="test_judge_system_prompt_has_language_policy" time="0.003" /><testcase classname="tests.test_llm_prompts_language_policy" name="test_fast_mini_judge_prompt_has_language_policy" time="0.004" /><testcase classname="tests.test_llm_provider_runtime" name="test_run_create_default_provider_is_github" time="0.003" /><testcase classname="tests.test_llm_provider_runtime" name="test_run_create_accepts_known_providers" time="0.003" /><testcase classname="tests.test_llm_provider_runtime" name="test_run_create_rejects_unknown_provider" time="0.006" /><testcase classname="tests.test_llm_provider_runtime" name="test_resolve_active_provider_uses_contextvar" time="0.004" /><testcase classname="tests.test_llm_provider_runtime" name="test_llm_call_honours_contextvar_over_settings" time="0.012" /><testcase classname="tests.test_llm_provider_runtime" name="test_providers_endpoint_lists_all_with_availability" time="0.092" /><testcase classname="tests.test_llm_provider_runtime" name="test_create_run_persists_llm_provider" time="0.079" /><testcase classname="tests.test_llm_provider_runtime" name="test_create_run_defaults_to_github_when_unspecified" time="0.074" /><testcase classname="tests.test_llm_provider_runtime" name="test_create_run_rejects_unknown_provider" time="0.071" /><testcase classname="tests.test_llm_providers" name="test_factory_rejects_unknown_provider" time="0.003" /><testcase classname="tests.test_llm_providers" name="test_factory_rejects_github" time="0.002" /><testcase classname="tests.test_llm_providers" name="test_factory_returns_openai_when_configured" time="0.002" /><testcase classname="tests.test_llm_providers" name="test_factory_returns_anthropic_when_configured" time="0.003" /><testcase classname="tests.test_llm_providers" name="test_factory_returns_google_when_configured" time="0.002" /><testcase classname="tests.test_llm_providers" name="test_factory_raises_when_api_key_missing" time="0.003" /><testcase classname="tests.test_llm_providers" name="test_factory_caches_provider" time="0.003" /><testcase classname="tests.test_llm_providers" name="test_openai_provider_passes_correct_kwargs" time="0.009" /><testcase classname="tests.test_llm_providers" name="test_anthropic_provider_uses_anthropic_tag" time="0.008" /><testcase classname="tests.test_llm_providers" name="test_google_provider_uses_gemini_tag" time="0.011" /><testcase classname="tests.test_llm_providers" name="test_per_role_override_takes_precedence" time="0.006" /><testcase classname="tests.test_llm_providers" name="test_llm_call_routes_through_provider_for_non_github" time="0.012" /><testcase classname="tests.test_llm_providers" name="test_llm_call_github_path_unchanged" time="0.011" /><testcase classname="tests.test_llm_retry" name="test_retryable_exceptions_includes_transient_http_errors" time="0.003" /><testcase classname="tests.test_llm_retry" name="test_retryable_exceptions_includes_rate_limit_error" time="0.003" /><testcase classname="tests.test_llm_retry" name="test_retryable_exceptions_includes_instructor_retry_exception" time="0.002" /><testcase classname="tests.test_llm_retry" name="test_retries_on_timeout_then_succeeds" time="6.026" /><testcase classname="tests.test_llm_retry" name="test_gives_up_after_five_attempts" time="30.031" /><testcase classname="tests.test_llm_retry" name="test_does_not_retry_on_non_retryable_error" time="0.005" /><testcase classname="tests.test_llm_retry" name="test_create_retry_decorator_respects_max_attempts" time="30.034" /><testcase classname="tests.test_llm_roles" name="test_llm_role_enum_values" time="0.001" /><testcase classname="tests.test_llm_roles" name="test_role_configs_has_all_roles" time="0.001" /><testcase classname="tests.test_llm_roles" name="test_role_configs_are_well_formed" time="0.001" /><testcase classname="tests.test_llm_roles" name="test_judge_is_cross_family_vs_synthesizer" time="0.001" /><testcase classname="tests.test_llm_tokens" name="test_count_tokens_returns_zero_for_empty_string" time="0.001" /><testcase classname="tests.test_llm_tokens" name="test_count_tokens_returns_positive_for_non_empty_string" time="0.002" /><testcase classname="tests.test_llm_tokens" name="test_count_tokens_uses_known_openai_encoding" time="0.001" /><testcase classname="tests.test_llm_tokens" name="test_count_tokens_falls_back_to_cl100k_base_on_unknown_model" time="0.001" /><testcase classname="tests.test_meta_judge_hook_before_synth" name="test_meta_judge_before_synthesizing_force_synth" time="0.006" /><testcase classname="tests.test_meta_judge_hook_before_synth" name="test_meta_judge_before_synthesizing_continue_search" time="0.004" /><testcase classname="tests.test_meta_judge_hook_before_synth" name="test_meta_judge_before_synthesizing_stop_best_effort" time="0.005" /><testcase classname="tests.test_meta_judge_hook_before_synth" name="test_meta_judge_before_synth_fires_only_once_per_run" time="0.003" /><testcase classname="tests.test_meta_judge_hook_before_synth" name="test_meta_judge_before_synth_skipped_when_disabled" time="0.003" /><testcase classname="tests.test_meta_judge_hook_before_synth" name="test_meta_judge_before_synth_skipped_on_fast_lane" time="0.003" /><testcase classname="tests.test_meta_judge_hook_before_synth" name="test_meta_judge_before_synth_skipped_below_threshold_and_unresolved" time="0.003" /><testcase classname="tests.test_meta_judge_hook_before_synth" name="test_meta_judge_before_synth_triggers_when_all_claims_resolved" time="0.025" /><testcase classname="tests.test_migrations" name="test_migration_module_imports" time="2.684" /><testcase classname="tests.test_migrations" name="test_migration_has_upgrade_and_downgrade" time="0.004" /><testcase classname="tests.test_migrations" name="test_stop_reason_enum_has_four_values" time="0.031" /><testcase classname="tests.test_migrations" name="test_question_type_enum_values" time="0.033" /><testcase classname="tests.test_migrations" name="test_output_format_enum_values" time="0.002" /><testcase classname="tests.test_migrations" name="test_pgcrypto_extension_created" time="0.003" /><testcase classname="tests.test_models" name="test_tables_registered" time="0.002" /><testcase classname="tests.test_models" name="test_u
[...]
ources_openalex" name="test_search_raises_recoverable_on_server_error" time="0.007" /><testcase classname="tests.test_sources_openalex" name="test_search_raises_non_recoverable_on_client_error" time="0.007" /><testcase classname="tests.test_sources_openalex" name="test_search_sends_mailto_when_email_configured" time="0.007" /><testcase classname="tests.test_sources_openalex" name="test_search_omits_mailto_when_email_blank" time="0.006" /><testcase classname="tests.test_sources_openalex" name="test_search_sends_api_key_as_query_param" time="0.006" /><testcase classname="tests.test_sources_openalex" name="test_search_omits_api_key_when_anonymous" time="0.007" /><testcase classname="tests.test_sources_openalex" name="test_fetch_full_resolves_openalex_id" time="0.006" /><testcase classname="tests.test_sources_openalex" name="test_fetch_full_resolves_doi_url" time="0.006" /><testcase classname="tests.test_sources_openalex" name="test_fetch_full_returns_none_for_unrelated_url" time="0.005" /><testcase classname="tests.test_sources_openalex" name="test_source_type_and_name" time="0.002" /><testcase classname="tests.test_sources_openalex" name="test_reconstruct_abstract_orders_by_position" time="0.002" /><testcase classname="tests.test_sources_openalex" name="test_reconstruct_abstract_empty" time="0.002" /><testcase classname="tests.test_sources_openalex" name="test_extract_work_id_handles_known_hosts" time="0.002" /><testcase classname="tests.test_sources_openalex" name="test_citation_bump_is_log_scaled_and_capped" time="0.002" /><testcase classname="tests.test_sources_openalex" name="test_search_relevance_score_lifts_well_cited_work" time="0.010" /><testcase classname="tests.test_sources_registry" name="test_get_registry_returns_singleton" time="1.723" /><testcase classname="tests.test_sources_registry" name="test_get_returns_singleton_per_source_type" time="1.760" /><testcase classname="tests.test_sources_registry" name="test_all_returns_all_registered" time="1.394" /><testcase classname="tests.test_sources_registry" name="test_tavily_omitted_when_api_key_missing" time="0.611" /><testcase classname="tests.test_sources_registry" name="test_types_returns_source_type_list" time="1.411" /><testcase classname="tests.test_sources_registry" name="test_get_source_convenience_function" time="1.262" /><testcase classname="tests.test_sources_registry" name="test_reset_registry_creates_new_instance" time="4.070" /><testcase classname="tests.test_sources_registry" name="test_get_unknown_type_raises_value_error" time="0.004" /><testcase classname="tests.test_sources_registry" name="test_build_logs_warning_when_tavily_disabled" time="1.143" /><testcase classname="tests.test_sources_semantic_scholar" name="test_search_parses_papers_into_source_results" time="0.005" /><testcase classname="tests.test_sources_semantic_scholar" name="test_search_maps_days_to_year_range" time="0.006" /><testcase classname="tests.test_sources_semantic_scholar" name="test_search_omits_year_when_days_is_none" time="0.005" /><testcase classname="tests.test_sources_semantic_scholar" name="test_search_falls_back_to_doi_url_when_url_missing" time="0.006" /><testcase classname="tests.test_sources_semantic_scholar" name="test_search_falls_back_to_year_when_publication_date_missing" time="0.006" /><testcase classname="tests.test_sources_semantic_scholar" name="test_search_raises_recoverable_on_rate_limit" time="0.007" /><testcase classname="tests.test_sources_semantic_scholar" name="test_search_retries_once_on_429_then_succeeds" time="0.007" /><testcase classname="tests.test_sources_semantic_scholar" name="test_search_raises_recoverable_on_server_error" time="0.005" /><testcase classname="tests.test_sources_semantic_scholar" name="test_search_raises_non_recoverable_on_client_error" time="0.006" /><testcase classname="tests.test_sources_semantic_scholar" name="test_search_sends_x_api_key_header_when_configured" time="0.009" /><testcase classname="tests.test_sources_semantic_scholar" name="test_search_omits_x_api_key_header_when_anonymous" time="0.007" /><testcase classname="tests.test_sources_semantic_scholar" name="test_fetch_full_resolves_paper_id_and_returns_result_with_tldr" time="0.006" /><testcase classname="tests.test_sources_semantic_scholar" name="test_fetch_full_returns_none_for_unrelated_url" time="0.004" /><testcase classname="tests.test_sources_semantic_scholar" name="test_source_type_and_name" time="0.002" /><testcase classname="tests.test_sources_semantic_scholar" name="test_extract_paper_id_strips_path" time="0.002" /><testcase classname="tests.test_sources_semantic_scholar" name="test_search_payload_helper_round_trip" time="0.002" /><testcase classname="tests.test_sources_semantic_scholar" name="test_citation_bump_is_log_scaled_and_capped" time="0.002" /><testcase classname="tests.test_sources_semantic_scholar" name="test_search_relevance_score_lifts_well_cited_paper" time="0.008" /><testcase classname="tests.test_sources_tavily" name="test_search_maps_api_response_to_source_results" time="0.753" /><testcase classname="tests.test_sources_tavily" name="test_search_truncates_content_to_5000_chars" time="0.682" /><testcase classname="tests.test_sources_tavily" name="test_search_clamps_max_results_between_1_and_20" time="0.702" /><testcase classname="tests.test_sources_tavily" name="test_search_passes_advanced_search_depth_and_includes_raw_content" time="0.668" /><testcase classname="tests.test_sources_tavily" name="test_search_raises_source_error_on_client_exception" time="0.687" /><testcase classname="tests.test_sources_tavily" name="test_search_handles_empty_results_list" time="0.747" /><testcase classname="tests.test_sources_tavily" name="test_search_handles_missing_results_key" time="0.832" /><testcase classname="tests.test_sources_tavily" name="test_search_handles_missing_url_and_title_fields" time="0.755" /><testcase classname="tests.test_sources_tavily" name="test_health_check_returns_true_on_success" time="0.748" /><testcase classname="tests.test_sources_tavily" name="test_health_check_returns_false_on_exception" time="0.738" /><testcase classname="tests.test_sources_tavily" name="test_source_type_and_name_properties" time="0.721" /><testcase classname="tests.test_sources_wikipedia" name="test_search_returns_direct_match_when_page_exists" time="0.739" /><testcase classname="tests.test_sources_wikipedia" name="test_search_returns_linked_pages_up_to_max_results" time="0.735" /><testcase classname="tests.test_sources_wikipedia" name="test_search_skips_missing_linked_pages" time="0.757" /><testcase classname="tests.test_sources_wikipedia" name="test_search_falls_back_to_variations_when_page_missing" time="0.774" /><testcase classname="tests.test_sources_wikipedia" name="test_search_returns_empty_when_nothing_found" time="0.784" /><testcase classname="tests.test_sources_wikipedia" name="test_search_truncates_content" time="0.715" /><testcase classname="tests.test_sources_wikipedia" name="test_search_raises_source_error_on_unexpected_exception" time="0.671" /><testcase classname="tests.test_sources_wikipedia" name="test_search_runs_sync_calls_off_the_event_loop" time="0.646" /><testcase classname="tests.test_sources_wikipedia" name="test_health_check_returns_true_when_python_article_exists" time="0.659" /><testcase classname="tests.test_sources_wikipedia" name="test_health_check_returns_false_on_exception" time="0.794" /><testcase classname="tests.test_sources_wikipedia" name="test_health_check_returns_false_when_page_missing" time="0.997" /><testcase classname="tests.test_sources_wikipedia" name="test_source_type_and_name_properties" time="0.661" /><testcase classname="tests.test_sources_wikipedia" name="test_search_propagates_source_error_unchanged" time="0.576" /><testcase classname="tests.test_sse_manager" name="test_connect_increments_active_count" time="0.002" /><testcase classname="tests.test_sse_manager" name="test_disconnect_decrements_and_cleans_up" time="0.001" /><testcase classname="tests.test_sse_manager" name="test_disconnect_unknown_is_idempotent" time="0.002" /><testcase classname="tests.test_sse_manager" name="test_cancel_sets_flag" time="0.002" /><testcase classname="tests.test_sse_manager" name="test_cancel_is_idempotent" time="0.002" /><testcase classname="tests.test_sse_manager" name="test_clear_cancelled_resets_flag" time="0.002" /><testcase classname="tests.test_sse_manager" name="test_reset_drops_all_state" time="0.001" /><testcase classname="tests.test_sse_manager" name="test_module_singleton_is_connection_manager_instance" time="0.001" /><testcase classname="tests.test_sse_manager" name="test_subscribe_returns_bounded_queue" time="0.003" /><testcase classname="tests.test_sse_manager" name="test_unsubscribe_is_idempotent_and_cleans_empty_bucket" time="0.003" /><testcase classname="tests.test_sse_manager" name="test_publish_fans_out_to_all_subscribers" time="0.003" /><testcase classname="tests.test_sse_manager" name="test_publish_drops_oldest_when_queue_full" time="0.003" /><testcase classname="tests.test_sse_stream" name="test_parse_last_event_id_none_returns_zero" time="0.001" /><testcase classname="tests.test_sse_stream" name="test_parse_last_event_id_empty_returns_zero" time="0.001" /><testcase classname="tests.test_sse_stream" name="test_parse_last_event_id_valid_int" time="0.001" /><testcase classname="tests.test_sse_stream" name="test_parse_last_event_id_malformed_falls_back_to_zero" time="0.001" /><testcase classname="tests.test_sse_stream" name="test_parse_last_event_id_negative_clamped_to_zero" time="0.001" /><testcase classname="tests.test_sse_stream" name="test_stream_yields_events_then_terminates_on_stopped" time="0.004" /><testcase classname="tests.test_sse_stream" name="test_stream_resume_skips_events_at_or_below_last_event_id" time="0.003" /><testcase classname="tests.test_sse_stream" name="test_stream_emits_heartbeat_after_idle_ticks" time="0.017" /><testcase classname="tests.test_sse_stream" name="test_stream_heartbeat_resets_on_real_event" time="0.003" /><testcase classname="tests.test_sse_stream" name="test_stream_breaks_on_cancellation_with_synthetic_frame" time="0.003" /><testcase classname="tests.test_sse_stream" name="test_stream_cancellation_with_no_pending_events" time="0.003" /><testcase classname="tests.test_sse_stream" name="test_stream_empty_polls_then_event_then_stop" time="0.004" /><testcase classname="tests.test_sse_stream" name="test_stream_malformed_last_event_id_starts_at_zero" time="0.004" /><testcase classname="tests.test_sse_stream" name="test_stream_advances_after_step_across_batches" time="0.004" /><testcase classname="tests.test_stop_rationale" name="test_react_budget_rationale_uses_react_step_count" time="0.004" /><testcase classname="tests.test_stop_rationale" name="test_search_budget_rationale_uses_search_count" time="0.004" /><testcase classname="tests.test_stop_rationale" name="test_judge_cap_rationale_mentions_judge_attempts" time="0.003" /><testcase classname="tests.test_stop_rationale" name="test_confidence_falls_back_to_structural_with_discriminator" time="0.004" /><testcase classname="tests.test_stop_rationale" name="test_judge_confidence_preferred_when_present" time="0.003" /><testcase classname="tests.test_stop_rationale" name="test_legacy_inference_when_budget_kind_unset_deep_lane" time="0.004" /><testcase classname="tests.test_stopping_no_progress" name="test_fires_when_3_round_delta_below_threshold" time="0.004" /><testcase classname="tests.test_stopping_no_progress" name="test_does_not_fire_with_fewer_than_3_rounds" time="0.003" /><testcase classname="tests.test_stopping_no_progress" name="test_does_not_fire_when_delta_above_threshold" time="0.003" /><testcase classname="tests.test_stopping_no_progress" name="test_emits_no_progress_detected_event" time="0.024" /><testcase classname="tests.test_stopping_no_progress" name="test_handles_negative_delta" time="0.003" /><testcase classname="tests.test_stopping_policy" name="test_policy_default_signal_order" time="0.001" /><testcase classname="tests.test_stopping_policy" name="test_policy_custom_signal_set" time="0.001" /><testcase classname="tests.test_stopping_policy" name="test_policy_signals_property_is_tuple" time="0.002" /><testcase classname="tests.test_stopping_policy" name="test_policy_honest_fires_before_budget" time="0.004" /><testcase classname="tests.test_stopping_policy" name="test_policy_budget_fires_before_judge" time="0.005" /><testcase classname="tests.test_stopping_policy" name="test_policy_judge_confirmation_full_path" time="0.004" /><testcase classname="tests.test_stopping_policy" name="test_policy_continue_when_everyone_defers_or_continues" time="0.004" /><testcase classname="tests.test_stopping_policy" name="test_policy_continue_when_all_defer" time="0.004" /><testcase classname="tests.test_stopping_policy" name="test_policy_should_stop_helper" time="0.001" /><testcase classname="tests.test_stopping_policy" name="test_policy_uses_structural_confidence_once" time="0.004" /><testcase classname="tests.test_stopping_policy" name="test_policy_evaluate_signals_sorted_by_priority" time="0.004" /><testcase classname="tests.test_stopping_policy" name="test_policy_stops_at_first_stop_signal" time="0.004" /><testcase classname="tests.test_stopping_policy" name="test_policy_log_keys_are_stable" time="0.004" /><testcase classname="tests.test_stopping_policy" name="test_policy_default_signal_classes" time="0.001" /><testcase classname="tests.test_stopping_policy" name="test_stopping_signal_protocol_accepts_default_signals" time="0.002" /><testcase classname="tests.test_stopping_react_intra_loop" name="test_hypothesis_confirmed_signal_fires" time="0.003" /><testcase classname="tests.test_stopping_react_intra_loop" name="test_all_hypotheses_refuted_signal" time="0.004" /><testcase classname="tests.test_stopping_react_intra_loop" name="test_react_step_cap_signal" time="0.003" /><testcase classname="tests.test_stopping_react_intra_loop" name="test_react_contradiction_signal" time="0.004" /><testcase classname="tests.test_stopping_react_intra_loop" name="test_evaluate_react_intra_loop_returns_first_stop" time="0.003" /><testcase classname="tests.test_stopping_react_intra_loop" name="test_evaluate_react_intra_loop_returns_none_when_no_stop" time="0.003" /><testcase classname="tests.test_stopping_react_intra_loop" name="test_hypothesis_confirmed_defers_when_confidence_low" time="0.004" /><testcase classname="tests.test_stopping_react_intra_loop" name="test_all_refuted_defers_when_some_pending" time="0.004" /><testcase classname="tests.test_stopping_react_intra_loop" name="test_contradiction_defers_with_overlapping_evidence" time="0.004" /><testcase classname="tests.test_stopping_saturation" name="test_saturation_first_round_defers" time="0.004" /><testcase classname="tests.test_stopping_saturation" name="test_saturation_insufficient_chunks_defers" time="0.004" /><testcase classname="tests.test_stopping_saturation" name="test_saturation_fires_when_novelty_below_threshold" time="0.004" /><testcase classname="tests.test_stopping_saturation" name="test_saturation_continues_when_novelty_above_threshold" time="0.003" /><testcase classname="tests.test_stopping_signals" name="test_coverage_high_defers" time="0.003" /><testcase classname="tests.test_stopping_signals" name="test_coverage_at_threshold_defers" time="0.004" /><testcase classname="tests.test_stopping_signals" name="test_coverage_low_continues" time="0.003" /><testcase classname="tests.test_stopping_signals" name="test_coverage_priority_is_30" time="0.001" /><testcase classname="tests.test_stopping_signals" name="test_coverage_name" time="0.001" /><testcase classname="tests.test_stopping_signals" name="test_agreement_high_defers" time="0.003" /><testcase classname="tests.test_stopping_signals" name="test_agreement_at_threshold_defers" time="0.003" /><testcase classname="tests.test_stopping_signals" name="test_agreement_low_continues" time="0.003" /><testcase classname="tests.test_stopping_signals" name="test_agreement_priority_is_35" time="0.001" /><testcase classname="tests.test_stopping_signals" name="test_agreement_name" time="0.001" /><testcase classname="tests.test_stopping_signals" name="test_budget_under_limit_defers" time="0.004" /><testcase classname="tests.test_stopping_signals" name="test_budget_at_limit_stops" time="0.003" /><testcase classname="tests.test_stopping_signals" name="test_budget_over_limit_stops" time="0.003" /><testcase classname="tests.test_stopping_signals" name="test_budget_does_not_reference_judge_attempts" time="0.024" /><testcase classname="tests.test_stopping_signals" name="test_budget_priority_is_20" time="0.001" /><testcase classname="tests.test_stopping_signals" name="test_budget_name" time="0.001" /><testcase classname="tests.test_stopping_signals" name="test_honest_signal_always_defers" time="0.003" /><testcase classname="tests.test_stopping_signals" name="test_honest_priority_is_10" time="0.001" /><testcase classname="tests.test_stopping_signals" name="test_judge_no_confidence_continues" time="0.004" /><testcase classname="tests.test_stopping_signals" name="test_judge_passes_all_gates" time="0.006" /><testcase classname="tests.test_stopping_signals" name="test_judge_coverage_gate_blocks" time="0.003" /><testcase classname="tests.test_stopping_signals" name="test_judge_agreement_gate_blocks" time="0.004" /><testcase classname="tests.test_stopping_signals" name="test_judge_stops_when_passed_true_regardless_of_threshold" time="0.003" /><testcase classname="tests.test_stopping_signals" name="test_judge_final_min_S_J_surfaced_in_explanation" time="0.003" /><testcase classname="tests.test_stopping_signals" name="test_judge_priority_is_40" time="0.001" /><testcase classname="tests.test_stopping_signals" name="test_judge_name" time="0.002" /><testcase classname="tests.test_structured_renderer_data.TestExtractSummary" name="test_first_sentence" time="0.001" /><testcase classname="tests.test_structured_renderer_data.TestExtractSummary" name="test_no_terminator_uses_first_line" time="0.001" /><testcase classname="tests.test_structured_renderer_data.TestExtractSummary" name="test_empty" time="0.001" /><testcase classname="tests.test_structured_renderer_data.TestSinglePhrase" name="test_short_sentence_emits_only_summary" time="0.001" /><testcase classname="tests.test_structured_renderer_data.TestKeyValueDetection" name="test_key_value_block" time="0.002" /><testcase classname="tests.test_structured_renderer_data.TestStepsDetection" name="test_numbered_steps" time="0.002" /><testcase classname="tests.test_structured_renderer_data.TestBulletsDetection" name="test_bullet_key_points" time="0.002" /><testcase classname="tests.test_structured_renderer_data.TestMermaidPassthrough" name="test_extracts_mermaid_fence" time="0.002" /><testcase classname="tests.test_structured_renderer_data.TestMarkdownFallback" name="test_existing_markdown_table_is_preserved" time="0.001" /><testcase classname="tests.test_structured_renderer_data.TestMarkdownFallback" name="test_existing_md_headers_pass_through" time="0.001" /><testcase classname="tests.test_structured_renderer_data.TestParagraphsFallback" name="test_multi_paragraph_emits_paragraph_blocks" time="0.001" /><testcase classname="tests.test_structured_renderer_data.TestRenderEmbedsData" name="test_render_metadata_contains_data" time="0.001" /><testcase classname="tests.test_tool_called_query_length" name="test_query_length_tokens_counts_whitespace_split_only" time="0.001" /><testcase classname="tests.test_tool_called_query_length" name="test_query_length_tokens_set_on_every_tool_called_event" time="0.004" /><testcase classname="tests.test_tool_called_query_length" name="test_query_length_tokens_absent_on_pre_brd23_replay" time="0.001" /><testcase classname="tests.test_tool_called_query_length" name="test_tool_called_event_accepts_query_length_tokens_and_tavily_days_filter" time="0.009" /></testsuite></testsuites>